3204
PAINT_LINE 1 12 1 27
PAINT_LINE 1 420 1 434
PAINT_LINE 1 437 1 438
PAINT_LINE 1 441 1 449
PAINT_LINE 1 453 1 455
PAINT_LINE 1 458 1 486
PAINT_LINE 1 489 1 508
PAINT_LINE 1 513 1 515
PAINT_LINE 1 518 1 643
PAINT_LINE 1 694 1 698
PAINT_LINE 1 704 1 714
PAINT_LINE 1 739 1 744
PAINT_LINE 1 753 1 758
PAINT_LINE 2 7 2 15
PAINT_LINE 2 20 2 32
PAINT_LINE 2 419 2 515
PAINT_LINE 2 519 2 522
PAINT_LINE 2 543 2 544
PAINT_LINE 2 552 2 554
PAINT_LINE 2 557 2 559
PAINT_LINE 2 642 2 644
PAINT_LINE 2 694 2 698
PAINT_LINE 2 701 2 709
PAINT_LINE 2 740 2 744
PAINT_LINE 2 751 2 755
PAINT_LINE 3 2 3 6
PAINT_LINE 3 29 3 36
PAINT_LINE 3 411 3 411
PAINT_LINE 3 417 3 420
PAINT_LINE 3 513 3 514
PAINT_LINE 3 519 3 519
PAINT_LINE 3 642 3 644
PAINT_LINE 3 694 3 705
PAINT_LINE 3 740 3 743
PAINT_LINE 3 748 3 752
PAINT_LINE 3 787 3 791
PAINT_LINE 4 0 4 2
PAINT_LINE 4 34 4 38
PAINT_LINE 4 409 4 412
PAINT_LINE 4 487 4 488
PAINT_LINE 4 517 4 519
PAINT_LINE 4 547 4 548
PAINT_LINE 4 578 4 579
PAINT_LINE 4 610 4 610
PAINT_LINE 4 642 4 644
PAINT_LINE 4 666 4 668
PAINT_LINE 4 694 4 702
PAINT_LINE 4 740 4 744
PAINT_LINE 4 746 4 750
PAINT_LINE 4 786 4 793
PAINT_LINE 5 0 5 0
PAINT_LINE 5 39 5 43
PAINT_LINE 5 407 5 412
PAINT_LINE 5 419 5 421
PAINT_LINE 5 452 5 456
PAINT_LINE 5 484 5 489
PAINT_LINE 5 516 5 521
PAINT_LINE 5 544 5 544
PAINT_LINE 5 546 5 625
PAINT_LINE 5 636 5 636
PAINT_LINE 5 640 5 646
PAINT_LINE 5 651 5 651
PAINT_LINE 5 654 5 654
PAINT_LINE 5 657 5 658
PAINT_LINE 5 664 5 670
PAINT_LINE 5 694 5 699
PAINT_LINE 5 739 5 748
PAINT_LINE 5 785 5 793
PAINT_LINE 6 41 6 44
PAINT_LINE 6 406 6 673
PAINT_LINE 6 695 6 698
PAINT_LINE 6 739 6 746
PAINT_LINE 6 785 6 793
PAINT_LINE 7 44 7 46
PAINT_LINE 7 192 7 201
PAINT_LINE 7 406 7 410
PAINT_LINE 7 416 7 419
PAINT_LINE 7 452 7 455
PAINT_LINE 7 516 7 518
PAINT_LINE 7 547 7 549
PAINT_LINE 7 577 7 579
PAINT_LINE 7 609 7 611
PAINT_LINE 7 642 7 643
PAINT_LINE 7 667 7 672
PAINT_LINE 7 694 7 733
PAINT_LINE 7 738 7 744
PAINT_LINE 7 785 7 786
PAINT_LINE 7 790 7 793
PAINT_LINE 8 45 8 47
PAINT_LINE 8 185 8 205
PAINT_LINE 8 274 8 275
PAINT_LINE 8 282 8 284
PAINT_LINE 8 407 8 411
PAINT_LINE 8 454 8 454
PAINT_LINE 8 608 8 610
PAINT_LINE 8 666 8 669
PAINT_LINE 8 696 8 743
PAINT_LINE 9 46 9 48
PAINT_LINE 9 182 9 182
PAINT_LINE 9 184 9 185
PAINT_LINE 9 206 9 209
PAINT_LINE 9 283 9 284
PAINT_LINE 9 408 9 409
PAINT_LINE 9 578 9 580
PAINT_LINE 9 608 9 612
PAINT_LINE 9 644 9 645
PAINT_LINE 9 666 9 668
PAINT_LINE 10 47 10 48
PAINT_LINE 10 180 10 182
PAINT_LINE 10 208 10 210
PAINT_LINE 10 212 10 212
PAINT_LINE 10 246 10 252
PAINT_LINE 10 268 10 273
PAINT_LINE 10 282 10 283
PAINT_LINE 10 420 10 421
PAINT_LINE 10 487 10 489
PAINT_LINE 10 516 10 521
PAINT_LINE 10 577 10 580
PAINT_LINE 10 608 10 614
PAINT_LINE 10 637 10 641
PAINT_LINE 10 643 10 646
PAINT_LINE 10 777 10 780
PAINT_LINE 11 48 11 49
PAINT_LINE 11 179 11 181
PAINT_LINE 11 209 11 213
PAINT_LINE 11 242 11 243
PAINT_LINE 11 252 11 253
PAINT_LINE 11 266 11 275
PAINT_LINE 11 281 11 282
PAINT_LINE 11 418 11 421
PAINT_LINE 11 453 11 455
PAINT_LINE 11 486 11 488
PAINT_LINE 11 515 11 521
PAINT_LINE 11 547 11 549
PAINT_LINE 11 577 11 581
PAINT_LINE 11 609 11 611
PAINT_LINE 11 638 11 645
PAINT_LINE 11 773 11 780
PAINT_LINE 12 49 12 50
PAINT_LINE 12 177 12 179
PAINT_LINE 12 211 12 215
PAINT_LINE 12 257 12 258
PAINT_LINE 12 261 12 266
PAINT_LINE 12 273 12 274
PAINT_LINE 12 279 12 280
PAINT_LINE 12 297 12 297
PAINT_LINE 12 300 12 300
PAINT_LINE 12 303 12 307
PAINT_LINE 12 338 12 339
PAINT_LINE 12 348 12 350
PAINT_LINE 12 418 12 421
PAINT_LINE 12 453 12 455
PAINT_LINE 12 485 12 488
PAINT_LINE 12 515 12 520
PAINT_LINE 12 547 12 548
PAINT_LINE 12 577 12 580
PAINT_LINE 12 642 12 644
PAINT_LINE 12 769 12 780
PAINT_LINE 13 50 13 51
PAINT_LINE 13 176 13 178
PAINT_LINE 13 214 13 216
PAINT_LINE 13 238 13 238
PAINT_LINE 13 259 13 262
PAINT_LINE 13 270 13 272
PAINT_LINE 13 275 13 277
PAINT_LINE 13 294 13 295
PAINT_LINE 13 306 13 310
PAINT_LINE 13 336 13 336
PAINT_LINE 13 350 13 353
PAINT_LINE 13 413 13 414
PAINT_LINE 13 419 13 422
PAINT_LINE 13 446 13 447
PAINT_LINE 13 452 13 456
PAINT_LINE 13 487 13 487
PAINT_LINE 13 643 13 644
PAINT_LINE 13 765 13 772
PAINT_LINE 13 776 13 780
PAINT_LINE 14 51 14 52
PAINT_LINE 14 125 14 128
PAINT_LINE 14 131 14 135
PAINT_LINE 14 176 14 176
PAINT_LINE 14 216 14 217
PAINT_LINE 14 236 14 237
PAINT_LINE 14 261 14 262
PAINT_LINE 14 268 14 275
PAINT_LINE 14 292 14 293
PAINT_LINE 14 310 14 312
PAINT_LINE 14 333 14 335
PAINT_LINE 14 353 14 355
PAINT_LINE 14 420 14 421
PAINT_LINE 14 454 14 454
PAINT_LINE 14 761 14 769
PAINT_LINE 14 777 14 780
PAINT_LINE 15 52 15 52
PAINT_LINE 15 98 15 99
PAINT_LINE 15 101 15 106
PAINT_LINE 15 123 15 125
PAINT_LINE 15 133 15 137
PAINT_LINE 15 159 15 159
PAINT_LINE 15 176 15 176
PAINT_LINE 15 216 15 218
PAINT_LINE 15 235 15 236
PAINT_LINE 15 262 15 264
PAINT_LINE 15 267 15 272
PAINT_LINE 15 290 15 292
PAINT_LINE 15 312 15 314
PAINT_LINE 15 331 15 333
PAINT_LINE 15 355 15 356
PAINT_LINE 15 756 15 767
PAINT_LINE 15 776 15 780
PAINT_LINE 16 52 16 52
PAINT_LINE 16 69 16 72
PAINT_LINE 16 74 16 77
PAINT_LINE 16 94 16 96
PAINT_LINE 16 106 16 107
PAINT_LINE 16 136 16 138
PAINT_LINE 16 159 16 164
PAINT_LINE 16 216 16 219
PAINT_LINE 16 234 16 236
PAINT_LINE 16 262 16 266
PAINT_LINE 16 268 16 270
PAINT_LINE 16 289 16 290
PAINT_LINE 16 313 16 315
PAINT_LINE 16 331 16 332
PAINT_LINE 16 356 16 357
PAINT_LINE 16 754 16 761
PAINT_LINE 16 765 16 770
PAINT_LINE 16 776 16 780
PAINT_LINE 17 51 17 53
PAINT_LINE 17 68 17 69
PAINT_LINE 17 77 17 79
PAINT_LINE 17 92 17 94
PAINT_LINE 17 107 17 108
PAINT_LINE 17 121 17 121
PAINT_LINE 17 137 17 139
PAINT_LINE 17 151 17 152
PAINT_LINE 17 163 17 165
PAINT_LINE 17 175 17 175
PAINT_LINE 17 217 17 219
PAINT_LINE 17 233 17 235
PAINT_LINE 17 259 17 259
PAINT_LINE 17 262 17 262
PAINT_LINE 17 266 17 267
PAINT_LINE 17 289 17 289
PAINT_LINE 17 314 17 316
PAINT_LINE 17 331 17 332
PAINT_LINE 17 357 17 358
PAINT_LINE 17 641 17 643
PAINT_LINE 17 649 17 651
PAINT_LINE 17 654 17 656
PAINT_LINE 17 749 17 755
PAINT_LINE 17 768 17 780
PAINT_LINE 18 51 18 53
PAINT_LINE 18 68 18 68
PAINT_LINE 18 79 18 80
PAINT_LINE 18 91 18 93
PAINT_LINE 18 108 18 109
PAINT_LINE 18 120 18 122
PAINT_LINE 18 138 18 140
PAINT_LINE 18 150 18 151
PAINT_LINE 18 164 18 166
PAINT_LINE 18 174 18 175
PAINT_LINE 18 216 18 218
PAINT_LINE 18 233 18 235
PAINT_LINE 18 256 18 259
PAINT_LINE 18 262 18 266
PAINT_LINE 18 288 18 290
PAINT_LINE 18 315 18 317
PAINT_LINE 18 330 18 332
PAINT_LINE 18 357 18 358
PAINT_LINE 18 641 18 657
PAINT_LINE 18 663 18 663
PAINT_LINE 18 746 18 753
PAINT_LINE 18 776 18 780
PAINT_LINE 19 51 19 53
PAINT_LINE 19 68 19 68
PAINT_LINE 19 78 19 81
PAINT_LINE 19 91 19 92
PAINT_LINE 19 108 19 111
PAINT_LINE 19 120 19 121
PAINT_LINE 19 138 19 140
PAINT_LINE 19 150 19 150
PAINT_LINE 19 165 19 166
PAINT_LINE 19 174 19 175
PAINT_LINE 19 216 19 218
PAINT_LINE 19 233 19 235
PAINT_LINE 19 255 19 257
PAINT_LINE 19 260 19 261
PAINT_LINE 19 263 19 266
PAINT_LINE 19 288 19 290
PAINT_LINE 19 315 19 317
PAINT_LINE 19 330 19 332
PAINT_LINE 19 357 19 359
PAINT_LINE 19 633 19 635
PAINT_LINE 19 638 19 645
PAINT_LINE 19 649 19 659
PAINT_LINE 19 661 19 663
PAINT_LINE 19 742 19 749
PAINT_LINE 19 776 19 780
PAINT_LINE 20 51 20 52
PAINT_LINE 20 68 20 68
PAINT_LINE 20 78 20 80
PAINT_LINE 20 91 20 91
PAINT_LINE 20 108 20 111
PAINT_LINE 20 121 20 121
PAINT_LINE 20 138 20 140
PAINT_LINE 20 164 20 166
PAINT_LINE 20 175 20 176
PAINT_LINE 20 217 20 218
PAINT_LINE 20 233 20 235
PAINT_LINE 20 252 20 253
PAINT_LINE 20 255 20 256
PAINT_LINE 20 258 20 259
PAINT_LINE 20 265 20 265
PAINT_LINE 20 288 20 290
PAINT_LINE 20 315 20 317
PAINT_LINE 20 330 20 332
PAINT_LINE 20 356 20 358
PAINT_LINE 20 633 20 640
PAINT_LINE 20 655 20 662
PAINT_LINE 20 712 20 713
PAINT_LINE 20 716 20 717
PAINT_LINE 20 738 20 746
PAINT_LINE 20 776 20 780
PAINT_LINE 21 51 21 52
PAINT_LINE 21 68 21 70
PAINT_LINE 21 77 21 79
PAINT_LINE 21 92 21 92
PAINT_LINE 21 108 21 110
PAINT_LINE 21 121 21 123
PAINT_LINE 21 137 21 139
PAINT_LINE 21 151 21 152
PAINT_LINE 21 163 21 165
PAINT_LINE 21 175 21 176
PAINT_LINE 21 217 21 218
PAINT_LINE 21 233 21 235
PAINT_LINE 21 249 21 255
PAINT_LINE 21 264 21 265
PAINT_LINE 21 288 21 290
PAINT_LINE 21 315 21 317
PAINT_LINE 21 330 21 332
PAINT_LINE 21 356 21 358
PAINT_LINE 21 628 21 630
PAINT_LINE 21 634 21 637
PAINT_LINE 21 658 21 662
PAINT_LINE 21 712 21 712
PAINT_LINE 21 716 21 717
PAINT_LINE 21 734 21 743
PAINT_LINE 21 776 21 780
PAINT_LINE 22 50 22 51
PAINT_LINE 22 69 22 71
PAINT_LINE 22 75 22 77
PAINT_LINE 22 93 22 94
PAINT_LINE 22 107 22 108
PAINT_LINE 22 122 22 125
PAINT_LINE 22 136 22 138
PAINT_LINE 22 152 22 154
PAINT_LINE 22 162 22 164
PAINT_LINE 22 175 22 177
PAINT_LINE 22 215 22 217
PAINT_LINE 22 234 22 235
PAINT_LINE 22 246 22 249
PAINT_LINE 22 252 22 253
PAINT_LINE 22 262 22 264
PAINT_LINE 22 289 22 290
PAINT_LINE 22 315 22 316
PAINT_LINE 22 331 22 332
PAINT_LINE 22 355 22 357
PAINT_LINE 22 629 22 637
PAINT_LINE 22 651 22 655
PAINT_LINE 22 659 22 666
PAINT_LINE 22 730 22 738
PAINT_LINE 22 776 22 781
PAINT_LINE 23 49 23 50
PAINT_LINE 23 95 23 97
PAINT_LINE 23 106 23 107
PAINT_LINE 23 123 23 129
PAINT_LINE 23 133 23 136
PAINT_LINE 23 153 23 159
PAINT_LINE 23 176 23 176
PAINT_LINE 23 215 23 216
PAINT_LINE 23 230 23 237
PAINT_LINE 23 242 23 243
PAINT_LINE 23 246 23 246
PAINT_LINE 23 248 23 249
PAINT_LINE 23 261 23 263
PAINT_LINE 23 289 23 291
PAINT_LINE 23 313 23 315
PAINT_LINE 23 333 23 334
PAINT_LINE 23 354 23 356
PAINT_LINE 23 629 23 632
PAINT_LINE 23 636 23 639
PAINT_LINE 23 650 23 655
PAINT_LINE 23 661 23 665
PAINT_LINE 23 727 23 733
PAINT_LINE 23 776 23 781
PAINT_LINE 24 48 24 49
PAINT_LINE 24 102 24 103
PAINT_LINE 24 129 24 133
PAINT_LINE 24 213 24 215
PAINT_LINE 24 227 24 233
PAINT_LINE 24 237 24 239
PAINT_LINE 24 243 24 247
PAINT_LINE 24 260 24 261
PAINT_LINE 24 290 24 292
PAINT_LINE 24 312 24 314
PAINT_LINE 24 335 24 337
PAINT_LINE 24 353 24 354
PAINT_LINE 24 624 24 624
PAINT_LINE 24 629 24 631
PAINT_LINE 24 637 24 639
PAINT_LINE 24 660 24 664
PAINT_LINE 24 723 24 730
PAINT_LINE 24 776 24 781
PAINT_LINE 24 788 24 795
PAINT_LINE 25 48 25 48
PAINT_LINE 25 180 25 182
PAINT_LINE 25 210 25 212
PAINT_LINE 25 225 25 231
PAINT_LINE 25 236 25 238
PAINT_LINE 25 241 25 243
PAINT_LINE 25 258 25 259
PAINT_LINE 25 292 25 292
PAINT_LINE 25 295 25 298
PAINT_LINE 25 310 25 311
PAINT_LINE 25 338 25 340
PAINT_LINE 25 346 25 352
PAINT_LINE 25 624 25 630
PAINT_LINE 25 661 25 664
PAINT_LINE 25 667 25 667
PAINT_LINE 25 718 25 727
PAINT_LINE 25 776 25 781
PAINT_LINE 25 788 25 796
PAINT_LINE 26 47 26 47
PAINT_LINE 26 180 26 186
PAINT_LINE 26 207 26 210
PAINT_LINE 26 223 26 232
PAINT_LINE 26 235 26 238
PAINT_LINE 26 243 26 247
PAINT_LINE 26 251 26 255
PAINT_LINE 26 297 26 298
PAINT_LINE 26 301 26 301
PAINT_LINE 26 304 26 310
PAINT_LINE 26 343 26 346
PAINT_LINE 26 623 26 628
PAINT_LINE 26 635 26 635
PAINT_LINE 26 661 26 666
PAINT_LINE 26 715 26 722
PAINT_LINE 26 776 26 781
PAINT_LINE 26 788 26 792
PAINT_LINE 27 45 27 46
PAINT_LINE 27 185 27 192
PAINT_LINE 27 203 27 205
PAINT_LINE 27 221 27 222
PAINT_LINE 27 227 27 230
PAINT_LINE 27 232 27 233
PAINT_LINE 27 618 27 618
PAINT_LINE 27 623 27 626
PAINT_LINE 27 629 27 630
PAINT_LINE 27 633 27 634
PAINT_LINE 27 644 27 644
PAINT_LINE 27 660 27 663
PAINT_LINE 27 710 27 718
PAINT_LINE 27 776 27 781
PAINT_LINE 28 43 28 44
PAINT_LINE 28 190 28 203
PAINT_LINE 28 220 28 221
PAINT_LINE 28 230 28 233
PAINT_LINE 28 617 28 630
PAINT_LINE 28 642 28 644
PAINT_LINE 28 659 28 663
PAINT_LINE 28 705 28 713
PAINT_LINE 28 776 28 781
PAINT_LINE 29 40 29 43
PAINT_LINE 29 137 29 139
PAINT_LINE 29 219 29 220
PAINT_LINE 29 226 29 227
PAINT_LINE 29 229 29 230
PAINT_LINE 29 618 29 623
PAINT_LINE 29 625 29 626
PAINT_LINE 29 642 29 643
PAINT_LINE 29 658 29 660
PAINT_LINE 29 702 29 711
PAINT_LINE 29 776 29 781
PAINT_LINE 30 0 30 0
PAINT_LINE 30 39 30 40
PAINT_LINE 30 219 30 220
PAINT_LINE 30 225 30 225
PAINT_LINE 30 611 30 613
PAINT_LINE 30 618 30 622
PAINT_LINE 30 657 30 662
PAINT_LINE 30 699 30 708
PAINT_LINE 30 776 30 780
PAINT_LINE 31 0 31 2
PAINT_LINE 31 36 31 37
PAINT_LINE 31 39 31 40
PAINT_LINE 31 611 31 619
PAINT_LINE 31 640 31 640
PAINT_LINE 31 655 31 658
PAINT_LINE 31 661 31 666
PAINT_LINE 31 695 31 704
PAINT_LINE 31 777 31 780
PAINT_LINE 32 0 32 20
PAINT_LINE 32 23 32 36
PAINT_LINE 32 39 32 154
PAINT_LINE 32 248 32 256
PAINT_LINE 32 612 32 616
PAINT_LINE 32 653 32 657
PAINT_LINE 32 691 32 700
PAINT_LINE 32 776 32 780
PAINT_LINE 33 5 33 31
PAINT_LINE 33 80 33 82
PAINT_LINE 33 152 33 154
PAINT_LINE 33 236 33 267
PAINT_LINE 33 608 33 609
PAINT_LINE 33 611 33 615
PAINT_LINE 33 651 33 658
PAINT_LINE 33 687 33 695
PAINT_LINE 33 776 33 780
PAINT_LINE 34 13 34 25
PAINT_LINE 34 80 34 81
PAINT_LINE 34 152 34 154
PAINT_LINE 34 231 34 272
PAINT_LINE 34 533 34 538
PAINT_LINE 34 542 34 542
PAINT_LINE 34 607 34 612
PAINT_LINE 34 649 34 652
PAINT_LINE 34 657 34 660
PAINT_LINE 34 682 34 692
PAINT_LINE 34 768 34 770
PAINT_LINE 34 773 34 780
PAINT_LINE 35 80 35 82
PAINT_LINE 35 152 35 155
PAINT_LINE 35 228 35 276
PAINT_LINE 35 531 35 538
PAINT_LINE 35 541 35 544
PAINT_LINE 35 607 35 610
PAINT_LINE 35 644 35 652
PAINT_LINE 35 660 35 660
PAINT_LINE 35 679 35 688
PAINT_LINE 35 764 35 766
PAINT_LINE 35 776 35 780
PAINT_LINE 36 80 36 82
PAINT_LINE 36 152 36 155
PAINT_LINE 36 224 36 282
PAINT_LINE 36 531 36 544
PAINT_LINE 36 601 36 609
PAINT_LINE 36 612 36 615
PAINT_LINE 36 636 36 647
PAINT_LINE 36 651 36 653
PAINT_LINE 36 674 36 684
PAINT_LINE 36 763 36 766
PAINT_LINE 36 777 36 781
PAINT_LINE 37 65 37 66
PAINT_LINE 37 80 37 81
PAINT_LINE 37 152 37 155
PAINT_LINE 37 221 37 284
PAINT_LINE 37 531 37 544
PAINT_LINE 37 606 37 609
PAINT_LINE 37 613 37 614
PAINT_LINE 37 629 37 641
PAINT_LINE 37 644 37 647
PAINT_LINE 37 671 37 679
PAINT_LINE 37 763 37 766
PAINT_LINE 37 776 37 780
PAINT_LINE 38 64 38 66
PAINT_LINE 38 81 38 81
PAINT_LINE 38 98 38 99
PAINT_LINE 38 152 38 155
PAINT_LINE 38 219 38 287
PAINT_LINE 38 530 38 544
PAINT_LINE 38 606 38 609
PAINT_LINE 38 626 38 639
PAINT_LINE 38 645 38 648
PAINT_LINE 38 668 38 678
PAINT_LINE 38 764 38 766
PAINT_LINE 38 776 38 780
PAINT_LINE 39 64 39 67
PAINT_LINE 39 80 39 82
PAINT_LINE 39 98 39 99
PAINT_LINE 39 152 39 155
PAINT_LINE 39 218 39 287
PAINT_LINE 39 530 39 545
PAINT_LINE 39 606 39 609
PAINT_LINE 39 623 39 632
PAINT_LINE 39 636 39 639
PAINT_LINE 39 647 39 652
PAINT_LINE 39 667 39 675
PAINT_LINE 39 763 39 766
PAINT_LINE 39 777 39 780
PAINT_LINE 40 6 40 9
PAINT_LINE 40 46 40 48
PAINT_LINE 40 64 40 69
PAINT_LINE 40 80 40 82
PAINT_LINE 40 98 40 99
PAINT_LINE 40 152 40 155
PAINT_LINE 40 216 40 239
PAINT_LINE 40 265 40 286
PAINT_LINE 40 530 40 545
PAINT_LINE 40 601 40 615
PAINT_LINE 40 619 40 625
PAINT_LINE 40 630 40 631
PAINT_LINE 40 637 40 640
PAINT_LINE 40 647 40 653
PAINT_LINE 40 666 40 779
PAINT_LINE 41 7 41 9
PAINT_LINE 41 33 41 34
PAINT_LINE 41 46 41 47
PAINT_LINE 41 65 41 70
PAINT_LINE 41 81 41 82
PAINT_LINE 41 98 41 99
PAINT_LINE 41 152 41 155
PAINT_LINE 41 214 41 236
PAINT_LINE 41 270 41 285
PAINT_LINE 41 530 41 545
PAINT_LINE 41 607 41 625
PAINT_LINE 41 631 41 631
PAINT_LINE 41 638 41 640
PAINT_LINE 41 646 41 653
PAINT_LINE 41 668 41 776
PAINT_LINE 42 7 42 9
PAINT_LINE 42 32 42 36
PAINT_LINE 42 46 42 47
PAINT_LINE 42 64 42 67
PAINT_LINE 42 69 42 72
PAINT_LINE 42 80 42 82
PAINT_LINE 42 99 42 99
PAINT_LINE 42 152 42 155
PAINT_LINE 42 212 42 233
PAINT_LINE 42 274 42 283
PAINT_LINE 42 530 42 545
PAINT_LINE 42 607 42 609
PAINT_LINE 42 612 42 617
PAINT_LINE 42 623 42 625
PAINT_LINE 42 646 42 653
PAINT_LINE 42 728 42 731
PAINT_LINE 42 781 42 784
PAINT_LINE 43 6 43 9
PAINT_LINE 43 32 43 37
PAINT_LINE 43 46 43 48
PAINT_LINE 43 64 43 67
PAINT_LINE 43 69 43 73
PAINT_LINE 43 80 43 82
PAINT_LINE 43 98 43 100
PAINT_LINE 43 152 43 155
PAINT_LINE 43 210 43 230
PAINT_LINE 43 278 43 280
PAINT_LINE 43 530 43 545
PAINT_LINE 43 608 43 608
PAINT_LINE 43 615 43 616
PAINT_LINE 43 646 43 648
PAINT_LINE 43 651 43 655
PAINT_LINE 43 728 43 732
PAINT_LINE 43 780 43 782
PAINT_LINE 44 6 44 9
PAINT_LINE 44 32 44 40
PAINT_LINE 44 46 44 48
PAINT_LINE 44 64 44 67
PAINT_LINE 44 70 44 73
PAINT_LINE 44 80 44 82
PAINT_LINE 44 98 44 100
PAINT_LINE 44 152 44 155
PAINT_LINE 44 209 44 225
PAINT_LINE 44 530 44 544
PAINT_LINE 44 646 44 648
PAINT_LINE 44 651 44 655
PAINT_LINE 44 728 44 733
PAINT_LINE 44 780 44 782
PAINT_LINE 45 6 45 9
PAINT_LINE 45 33 45 35
PAINT_LINE 45 37 45 41
PAINT_LINE 45 46 45 48
PAINT_LINE 45 65 45 67
PAINT_LINE 45 71 45 72
PAINT_LINE 45 81 45 82
PAINT_LINE 45 99 45 99
PAINT_LINE 45 152 45 155
PAINT_LINE 45 207 45 224
PAINT_LINE 45 530 45 544
PAINT_LINE 45 647 45 653
PAINT_LINE 45 727 45 732
PAINT_LINE 45 779 45 787
PAINT_LINE 46 0 46 155
PAINT_LINE 46 206 46 222
PAINT_LINE 46 530 46 543
PAINT_LINE 46 782 46 784
PAINT_LINE 47 0 47 9
PAINT_LINE 47 11 47 17
PAINT_LINE 47 22 47 23
PAINT_LINE 47 28 47 29
PAINT_LINE 47 31 47 35
PAINT_LINE 47 37 47 43
PAINT_LINE 47 46 47 60
PAINT_LINE 47 62 47 76
PAINT_LINE 47 81 47 81
PAINT_LINE 47 84 47 154
PAINT_LINE 47 206 47 222
PAINT_LINE 47 530 47 543
PAINT_LINE 48 6 48 9
PAINT_LINE 48 33 48 35
PAINT_LINE 48 39 48 40
PAINT_LINE 48 47 48 48
PAINT_LINE 48 62 48 67
PAINT_LINE 48 89 48 99
PAINT_LINE 48 205 48 221
PAINT_LINE 48 530 48 543
PAINT_LINE 49 2 49 9
PAINT_LINE 49 33 49 34
PAINT_LINE 49 47 49 48
PAINT_LINE 49 59 49 68
PAINT_LINE 49 87 49 99
PAINT_LINE 49 102 49 102
PAINT_LINE 49 203 49 220
PAINT_LINE 49 530 49 544
PAINT_LINE 50 4 50 9
PAINT_LINE 50 32 50 35
PAINT_LINE 50 44 50 48
PAINT_LINE 50 58 50 64
PAINT_LINE 50 87 50 99
PAINT_LINE 50 203 50 219
PAINT_LINE 50 530 50 545
PAINT_LINE 51 0 51 9
PAINT_LINE 51 34 51 34
PAINT_LINE 51 42 51 48
PAINT_LINE 51 88 51 93
PAINT_LINE 51 202 51 218
PAINT_LINE 51 336 51 351
PAINT_LINE 51 409 51 424
PAINT_LINE 51 482 51 499
PAINT_LINE 51 510 51 516
PAINT_LINE 51 530 51 545
PAINT_LINE 51 575 51 593
PAINT_LINE 52 0 52 7
PAINT_LINE 52 30 52 35
PAINT_LINE 52 40 52 48
PAINT_LINE 52 202 52 217
PAINT_LINE 52 328 52 356
PAINT_LINE 52 403 52 429
PAINT_LINE 52 478 52 504
PAINT_LINE 52 506 52 520
PAINT_LINE 52 530 52 545
PAINT_LINE 52 570 52 597
PAINT_LINE 53 28 53 35
PAINT_LINE 53 39 53 47
PAINT_LINE 53 201 53 216
PAINT_LINE 53 324 53 360
PAINT_LINE 53 399 53 432
PAINT_LINE 53 473 53 521
PAINT_LINE 53 530 53 545
PAINT_LINE 53 567 53 599
PAINT_LINE 53 675 53 675
PAINT_LINE 54 27 54 35
PAINT_LINE 54 40 54 45
PAINT_LINE 54 202 54 217
PAINT_LINE 54 322 54 363
PAINT_LINE 54 395 54 436
PAINT_LINE 54 471 54 520
PAINT_LINE 54 530 54 545
PAINT_LINE 54 564 54 602
PAINT_LINE 54 674 54 676
PAINT_LINE 55 26 55 35
PAINT_LINE 55 64 55 65
PAINT_LINE 55 147 55 148
PAINT_LINE 55 150 55 154
PAINT_LINE 55 201 55 216
PAINT_LINE 55 320 55 366
PAINT_LINE 55 393 55 439
PAINT_LINE 55 466 55 520
PAINT_LINE 55 530 55 545
PAINT_LINE 55 561 55 605
PAINT_LINE 55 672 55 677
PAINT_LINE 56 65 56 65
PAINT_LINE 56 147 56 148
PAINT_LINE 56 151 56 155
PAINT_LINE 56 200 56 216
PAINT_LINE 56 254 56 301
PAINT_LINE 56 317 56 367
PAINT_LINE 56 392 56 440
PAINT_LINE 56 465 56 521
PAINT_LINE 56 530 56 545
PAINT_LINE 56 560 56 606
PAINT_LINE 56 671 56 678
PAINT_LINE 57 65 57 66
PAINT_LINE 57 146 57 148
PAINT_LINE 57 151 57 155
PAINT_LINE 57 200 57 216
PAINT_LINE 57 254 57 302
PAINT_LINE 57 316 57 340
PAINT_LINE 57 345 57 369
PAINT_LINE 57 391 57 442
PAINT_LINE 57 464 57 521
PAINT_LINE 57 530 57 545
PAINT_LINE 57 559 57 607
PAINT_LINE 57 670 57 678
PAINT_LINE 58 65 58 66
PAINT_LINE 58 147 58 148
PAINT_LINE 58 151 58 155
PAINT_LINE 58 200 58 216
PAINT_LINE 58 254 58 303
PAINT_LINE 58 313 58 330
PAINT_LINE 58 350 58 370
PAINT_LINE 58 389 58 406
PAINT_LINE 58 424 58 444
PAINT_LINE 58 463 58 480
PAINT_LINE 58 496 58 521
PAINT_LINE 58 530 58 545
PAINT_LINE 58 558 58 560
PAINT_LINE 58 562 58 576
PAINT_LINE 58 593 58 608
PAINT_LINE 58 669 58 672
PAINT_LINE 58 676 58 679
PAINT_LINE 58 778 58 787
PAINT_LINE 59 17 59 20
PAINT_LINE 59 64 59 67
PAINT_LINE 59 146 59 155
PAINT_LINE 59 200 59 216
PAINT_LINE 59 253 59 303
PAINT_LINE 59 312 59 328
PAINT_LINE 59 354 59 371
PAINT_LINE 59 387 59 403
PAINT_LINE 59 429 59 445
PAINT_LINE 59 462 59 478
PAINT_LINE 59 499 59 521
PAINT_LINE 59 530 59 545
PAINT_LINE 59 557 59 573
PAINT_LINE 59 596 59 610
PAINT_LINE 59 669 59 670
PAINT_LINE 59 676 59 680
PAINT_LINE 59 769 59 781
PAINT_LINE 59 785 59 787
PAINT_LINE 60 17 60 19
PAINT_LINE 60 64 60 66
PAINT_LINE 60 147 60 155
PAINT_LINE 60 200 60 216
PAINT_LINE 60 253 60 302
PAINT_LINE 60 311 60 326
PAINT_LINE 60 355 60 371
PAINT_LINE 60 386 60 401
PAINT_LINE 60 430 60 446
PAINT_LINE 60 461 60 477
PAINT_LINE 60 501 60 521
PAINT_LINE 60 531 60 545
PAINT_LINE 60 556 60 566
PAINT_LINE 60 568 60 571
PAINT_LINE 60 597 60 611
PAINT_LINE 60 668 60 669
PAINT_LINE 60 674 60 681
PAINT_LINE 60 757 60 757
PAINT_LINE 60 761 60 771
PAINT_LINE 60 778 60 780
PAINT_LINE 60 786 60 788
PAINT_LINE 61 17 61 19
PAINT_LINE 61 58 61 60
PAINT_LINE 61 65 61 66
PAINT_LINE 61 147 61 148
PAINT_LINE 61 151 61 155
PAINT_LINE 61 201 61 216
PAINT_LINE 61 254 61 302
PAINT_LINE 61 310 61 325
PAINT_LINE 61 357 61 372
PAINT_LINE 61 385 61 399
PAINT_LINE 61 431 61 446
PAINT_LINE 61 459 61 476
PAINT_LINE 61 504 61 521
PAINT_LINE 61 531 61 545
PAINT_LINE 61 556 61 569
PAINT_LINE 61 594 61 612
PAINT_LINE 61 667 61 669
PAINT_LINE 61 674 61 682
PAINT_LINE 61 749 61 760
PAINT_LINE 61 766 61 768
PAINT_LINE 61 778 61 782
PAINT_LINE 61 785 61 790
PAINT_LINE 62 17 62 20
PAINT_LINE 62 32 62 33
PAINT_LINE 62 57 62 62
PAINT_LINE 62 65 62 66
PAINT_LINE 62 146 62 148
PAINT_LINE 62 151 62 155
PAINT_LINE 62 201 62 216
PAINT_LINE 62 254 62 302
PAINT_LINE 62 310 62 324
PAINT_LINE 62 358 62 373
PAINT_LINE 62 385 62 398
PAINT_LINE 62 432 62 447
PAINT_LINE 62 459 62 474
PAINT_LINE 62 505 62 521
PAINT_LINE 62 531 62 545
PAINT_LINE 62 555 62 568
PAINT_LINE 62 589 62 612
PAINT_LINE 62 666 62 668
PAINT_LINE 62 679 62 682
PAINT_LINE 62 742 62 752
PAINT_LINE 62 756 62 760
PAINT_LINE 62 766 62 770
PAINT_LINE 62 776 62 785
PAINT_LINE 62 787 62 790
PAINT_LINE 63 0 63 36
PAINT_LINE 63 39 63 112
PAINT_LINE 63 116 63 141
PAINT_LINE 63 145 63 155
PAINT_LINE 63 201 63 216
PAINT_LINE 63 287 63 302
PAINT_LINE 63 310 63 323
PAINT_LINE 63 359 63 374
PAINT_LINE 63 384 63 397
PAINT_LINE 63 432 63 448
PAINT_LINE 63 458 63 473
PAINT_LINE 63 505 63 521
PAINT_LINE 63 531 63 545
PAINT_LINE 63 554 63 567
PAINT_LINE 63 582 63 611
PAINT_LINE 63 665 63 667
PAINT_LINE 63 680 63 683
PAINT_LINE 63 734 63 745
PAINT_LINE 63 748 63 748
PAINT_LINE 63 758 63 761
PAINT_LINE 63 766 63 775
PAINT_LINE 63 781 63 784
PAINT_LINE 63 788 63 792
PAINT_LINE 64 16 64 18
PAINT_LINE 64 21 64 24
PAINT_LINE 64 32 64 35
PAINT_LINE 64 57 64 66
PAINT_LINE 64 146 64 155
PAINT_LINE 64 201 64 217
PAINT_LINE 64 287 64 301
PAINT_LINE 64 309 64 322
PAINT_LINE 64 359 64 374
PAINT_LINE 64 384 64 396
PAINT_LINE 64 433 64 447
PAINT_LINE 64 457 64 473
PAINT_LINE 64 506 64 521
PAINT_LINE 64 531 64 545
PAINT_LINE 64 554 64 566
PAINT_LINE 64 579 64 606
PAINT_LINE 64 664 64 666
PAINT_LINE 64 674 64 676
PAINT_LINE 64 680 64 684
PAINT_LINE 64 729 64 736
PAINT_LINE 64 741 64 744
PAINT_LINE 64 758 64 765
PAINT_LINE 64 768 64 772
PAINT_LINE 64 782 64 784
PAINT_LINE 64 788 64 793
PAINT_LINE 64 798 64 157
PAINT_LINE 65 17 65 18
PAINT_LINE 65 22 65 25
PAINT_LINE 65 32 65 34
PAINT_LINE 65 58 65 66
PAINT_LINE 65 146 65 148
PAINT_LINE 65 151 65 155
PAINT_LINE 65 202 65 218
PAINT_LINE 65 287 65 301
PAINT_LINE 65 308 65 322
PAINT_LINE 65 360 65 374
PAINT_LINE 65 384 65 395
PAINT_LINE 65 433 65 448
PAINT_LINE 65 458 65 473
PAINT_LINE 65 506 65 521
PAINT_LINE 65 531 65 545
PAINT_LINE 65 554 65 565
PAINT_LINE 65 574 65 600
PAINT_LINE 65 664 65 666
PAINT_LINE 65 673 65 676
PAINT_LINE 65 681 65 685
PAINT_LINE 65 722 65 730
PAINT_LINE 65 733 65 734
PAINT_LINE 65 742 65 745
PAINT_LINE 65 749 65 763
PAINT_LINE 65 770 65 774
PAINT_LINE 65 782 65 793
PAINT_LINE 65 796 65 157
PAINT_LINE 66 16 66 18
PAINT_LINE 66 22 66 26
PAINT_LINE 66 32 66 34
PAINT_LINE 66 58 66 60
PAINT_LINE 66 63 66 66
PAINT_LINE 66 147 66 148
PAINT_LINE 66 150 66 155
PAINT_LINE 66 202 66 219
PAINT_LINE 66 287 66 301
PAINT_LINE 66 308 66 322
PAINT_LINE 66 361 66 375
PAINT_LINE 66 384 66 395
PAINT_LINE 66 435 66 448
PAINT_LINE 66 457 66 472
PAINT_LINE 66 506 66 521
PAINT_LINE 66 531 66 545
PAINT_LINE 66 555 66 565
PAINT_LINE 66 568 66 587
PAINT_LINE 66 591 66 596
PAINT_LINE 66 664 66 665
PAINT_LINE 66 674 66 675
PAINT_LINE 66 682 66 686
PAINT_LINE 66 716 66 724
PAINT_LINE 66 726 66 726
PAINT_LINE 66 733 66 735
PAINT_LINE 66 742 66 755
PAINT_LINE 66 761 66 764
PAINT_LINE 66 771 66 775
PAINT_LINE 66 777 66 787
PAINT_LINE 66 795 66 157
PAINT_LINE 67 16 67 19
PAINT_LINE 67 22 67 27
PAINT_LINE 67 31 67 35
PAINT_LINE 67 57 67 61
PAINT_LINE 67 63 67 67
PAINT_LINE 67 146 67 155
PAINT_LINE 67 202 67 219
PAINT_LINE 67 287 67 301
PAINT_LINE 67 308 67 322
PAINT_LINE 67 362 67 374
PAINT_LINE 67 384 67 395
PAINT_LINE 67 436 67 448
PAINT_LINE 67 456 67 472
PAINT_LINE 67 506 67 521
PAINT_LINE 67 531 67 545
PAINT_LINE 67 554 67 592
PAINT_LINE 67 663 67 664
PAINT_LINE 67 683 67 686
PAINT_LINE 67 713 67 721
PAINT_LINE 67 734 67 737
PAINT_LINE 67 739 67 748
PAINT_LINE 67 751 67 754
PAINT_LINE 67 761 67 764
PAINT_LINE 67 771 67 786
PAINT_LINE 67 794 67 798
PAINT_LINE 68 16 68 19
PAINT_LINE 68 22 68 27
PAINT_LINE 68 31 68 34
PAINT_LINE 68 57 68 61
PAINT_LINE 68 63 68 67
PAINT_LINE 68 84 68 85
PAINT_LINE 68 146 68 155
PAINT_LINE 68 203 68 220
PAINT_LINE 68 286 68 300
PAINT_LINE 68 308 68 322
PAINT_LINE 68 361 68 374
PAINT_LINE 68 383 68 395
PAINT_LINE 68 436 68 448
PAINT_LINE 68 457 68 472
PAINT_LINE 68 507 68 521
PAINT_LINE 68 530 68 545
PAINT_LINE 68 553 68 589
PAINT_LINE 68 662 68 664
PAINT_LINE 68 683 68 687
PAINT_LINE 68 706 68 713
PAINT_LINE 68 721 68 722
PAINT_LINE 68 732 68 741
PAINT_LINE 68 744 68 747
PAINT_LINE 68 753 68 756
PAINT_LINE 68 762 68 779
PAINT_LINE 68 794 68 798
PAINT_LINE 69 17 69 18
PAINT_LINE 69 23 69 26
PAINT_LINE 69 32 69 34
PAINT_LINE 69 57 69 61
PAINT_LINE 69 64 69 66
PAINT_LINE 69 85 69 85
PAINT_LINE 69 147 69 148
PAINT_LINE 69 151 69 154
PAINT_LINE 69 204 69 222
PAINT_LINE 69 285 69 299
PAINT_LINE 69 308 69 322
PAINT_LINE 69 361 69 374
PAINT_LINE 69 382 69 396
PAINT_LINE 69 436 69 448
PAINT_LINE 69 457 69 471
PAINT_LINE 69 507 69 521
PAINT_LINE 69 530 69 544
PAINT_LINE 69 554 69 583
PAINT_LINE 69 661 69 663
PAINT_LINE 69 674 69 676
PAINT_LINE 69 684 69 687
PAINT_LINE 69 705 69 711
PAINT_LINE 69 720 69 727
PAINT_LINE 69 729 69 731
PAINT_LINE 69 737 69 741
PAINT_LINE 69 746 69 748
PAINT_LINE 69 753 69 768
PAINT_LINE 69 776 69 779
PAINT_LINE 69 794 69 798
PAINT_LINE 70 16 70 18
PAINT_LINE 70 23 70 26
PAINT_LINE 70 31 70 34
PAINT_LINE 70 57 70 61
PAINT_LINE 70 63 70 67
PAINT_LINE 70 85 70 86
PAINT_LINE 70 146 70 154
PAINT_LINE 70 205 70 223
PAINT_LINE 70 283 70 298
PAINT_LINE 70 309 70 323
PAINT_LINE 70 360 70 374
PAINT_LINE 70 384 70 396
PAINT_LINE 70 436 70 447
PAINT_LINE 70 457 70 472
PAINT_LINE 70 507 70 521
PAINT_LINE 70 530 70 544
PAINT_LINE 70 554 70 578
PAINT_LINE 70 660 70 662
PAINT_LINE 70 674 70 676
PAINT_LINE 70 685 70 689
PAINT_LINE 70 709 70 712
PAINT_LINE 70 715 70 726
PAINT_LINE 70 738 70 742
PAINT_LINE 70 746 70 761
PAINT_LINE 70 764 70 768
PAINT_LINE 70 777 70 782
PAINT_LINE 70 794 70 798
PAINT_LINE 71 0 71 3
PAINT_LINE 71 5 71 36
PAINT_LINE 71 38 71 153
PAINT_LINE 71 206 71 226
PAINT_LINE 71 282 71 298
PAINT_LINE 71 309 71 323
PAINT_LINE 71 359 71 373
PAINT_LINE 71 384 71 397
PAINT_LINE 71 434 71 447
PAINT_LINE 71 457 71 471
PAINT_LINE 71 506 71 521
PAINT_LINE 71 530 71 545
PAINT_LINE 71 554 71 573
PAINT_LINE 71 659 71 661
PAINT_LINE 71 673 71 675
PAINT_LINE 71 686 71 690
PAINT_LINE 71 709 71 714
PAINT_LINE 71 724 71 726
PAINT_LINE 71 738 71 751
PAINT_LINE 71 757 71 760
PAINT_LINE 71 766 71 769
PAINT_LINE 71 779 71 786
PAINT_LINE 71 794 71 798
PAINT_LINE 72 16 72 18
PAINT_LINE 72 31 72 34
PAINT_LINE 72 57 72 61
PAINT_LINE 72 63 72 64
PAINT_LINE 72 207 72 228
PAINT_LINE 72 279 72 296
PAINT_LINE 72 310 72 324
PAINT_LINE 72 359 72 373
PAINT_LINE 72 385 72 397
PAINT_LINE 72 433 72 446
PAINT_LINE 72 458 72 472
PAINT_LINE 72 506 72 521
PAINT_LINE 72 530 72 545
PAINT_LINE 72 554 72 568
PAINT_LINE 72 658 72 661
PAINT_LINE 72 686 72 691
PAINT_LINE 72 711 72 714
PAINT_LINE 72 725 72 728
PAINT_LINE 72 735 72 745
PAINT_LINE 72 748 72 751
PAINT_LINE 72 759 72 761
PAINT_LINE 72 767 72 770
PAINT_LINE 72 779 72 784
PAINT_LINE 72 794 72 798
PAINT_LINE 73 13 73 17
PAINT_LINE 73 28 73 34
PAINT_LINE 73 54 73 61
PAINT_LINE 73 208 73 232
PAINT_LINE 73 276 73 295
PAINT_LINE 73 311 73 325
PAINT_LINE 73 358 73 373
PAINT_LINE 73 385 73 398
PAINT_LINE 73 432 73 446
PAINT_LINE 73 459 73 473
PAINT_LINE 73 505 73 521
PAINT_LINE 73 530 73 537
PAINT_LINE 73 539 73 546
PAINT_LINE 73 555 73 569
PAINT_LINE 73 658 73 660
PAINT_LINE 73 687 73 692
PAINT_LINE 73 711 73 715
PAINT_LINE 73 725 73 734
PAINT_LINE 73 742 73 744
PAINT_LINE 73 750 73 752
PAINT_LINE 73 760 73 762
PAINT_LINE 73 768 73 771
PAINT_LINE 73 777 73 783
PAINT_LINE 73 794 73 798
PAINT_LINE 74 7 74 17
PAINT_LINE 74 31 74 34
PAINT_LINE 74 56 74 60
PAINT_LINE 74 84 74 85
PAINT_LINE 74 210 74 234
PAINT_LINE 74 273 74 294
PAINT_LINE 74 311 74 326
PAINT_LINE 74 356 74 372
PAINT_LINE 74 386 74 400
PAINT_LINE 74 430 74 445
PAINT_LINE 74 459 74 476
PAINT_LINE 74 503 74 521
PAINT_LINE 74 530 74 546
PAINT_LINE 74 556 74 572
PAINT_LINE 74 600 74 606
PAINT_LINE 74 657 74 659
PAINT_LINE 74 688 74 692
PAINT_LINE 74 712 74 717
PAINT_LINE 74 720 74 729
PAINT_LINE 74 743 74 745
PAINT_LINE 74 751 74 753
PAINT_LINE 74 761 74 763
PAINT_LINE 74 769 74 777
PAINT_LINE 74 781 74 784
PAINT_LINE 74 794 74 798
PAINT_LINE 75 7 75 18
PAINT_LINE 75 31 75 34
PAINT_LINE 75 57 75 60
PAINT_LINE 75 76 75 81
PAINT_LINE 75 83 75 86
PAINT_LINE 75 211 75 236
PAINT_LINE 75 271 75 292
PAINT_LINE 75 312 75 327
PAINT_LINE 75 354 75 371
PAINT_LINE 75 386 75 402
PAINT_LINE 75 429 75 444
PAINT_LINE 75 459 75 477
PAINT_LINE 75 501 75 521
PAINT_LINE 75 530 75 546
PAINT_LINE 75 556 75 573
PAINT_LINE 75 597 75 607
PAINT_LINE 75 655 75 659
PAINT_LINE 75 674 75 676
PAINT_LINE 75 688 75 693
PAINT_LINE 75 713 75 721
PAINT_LINE 75 728 75 730
PAINT_LINE 75 743 75 745
PAINT_LINE 75 752 75 754
PAINT_LINE 75 761 75 766
PAINT_LINE 75 768 75 776
PAINT_LINE 75 781 75 784
PAINT_LINE 75 794 75 798
PAINT_LINE 76 7 76 18
PAINT_LINE 76 27 76 35
PAINT_LINE 76 53 76 60
PAINT_LINE 76 84 76 85
PAINT_LINE 76 214 76 241
PAINT_LINE 76 267 76 291
PAINT_LINE 76 313 76 328
PAINT_LINE 76 352 76 371
PAINT_LINE 76 387 76 403
PAINT_LINE 76 426 76 443
PAINT_LINE 76 460 76 478
PAINT_LINE 76 499 76 521
PAINT_LINE 76 530 76 546
PAINT_LINE 76 556 76 574
PAINT_LINE 76 594 76 609
PAINT_LINE 76 654 76 658
PAINT_LINE 76 673 76 676
PAINT_LINE 76 690 76 694
PAINT_LINE 76 714 76 719
PAINT_LINE 76 729 76 731
PAINT_LINE 76 744 76 746
PAINT_LINE 76 752 76 755
PAINT_LINE 76 761 76 777
PAINT_LINE 76 782 76 788
PAINT_LINE 76 794 76 798
PAINT_LINE 77 7 77 16
PAINT_LINE 77 24 77 35
PAINT_LINE 77 51 77 60
PAINT_LINE 77 84 77 85
PAINT_LINE 77 215 77 289
PAINT_LINE 77 314 77 332
PAINT_LINE 77 349 77 370
PAINT_LINE 77 388 77 406
PAINT_LINE 77 424 77 442
PAINT_LINE 77 461 77 483
PAINT_LINE 77 495 77 521
PAINT_LINE 77 530 77 546
PAINT_LINE 77 557 77 577
PAINT_LINE 77 591 77 611
PAINT_LINE 77 654 77 657
PAINT_LINE 77 675 77 675
PAINT_LINE 77 691 77 694
PAINT_LINE 77 715 77 721
PAINT_LINE 77 726 77 740
PAINT_LINE 77 744 77 748
PAINT_LINE 77 752 77 779
PAINT_LINE 77 782 77 788
PAINT_LINE 77 794 77 798
PAINT_LINE 78 24 78 34
PAINT_LINE 78 51 78 58
PAINT_LINE 78 84 78 86
PAINT_LINE 78 217 78 286
PAINT_LINE 78 316 78 368
PAINT_LINE 78 389 78 441
PAINT_LINE 78 463 78 521
PAINT_LINE 78 530 78 546
PAINT_LINE 78 559 78 611
PAINT_LINE 78 653 78 656
PAINT_LINE 78 663 78 663
PAINT_LINE 78 692 78 695
PAINT_LINE 78 716 78 727
PAINT_LINE 78 730 78 735
PAINT_LINE 78 737 78 788
PAINT_LINE 78 794 78 157
PAINT_LINE 79 51 79 55
PAINT_LINE 79 80 79 86
PAINT_LINE 79 219 79 284
PAINT_LINE 79 318 79 367
PAINT_LINE 79 391 79 440
PAINT_LINE 79 465 79 521
PAINT_LINE 79 530 79 546
PAINT_LINE 79 560 79 609
PAINT_LINE 79 652 79 655
PAINT_LINE 79 662 79 666
PAINT_LINE 79 692 79 696
PAINT_LINE 79 716 79 716
PAINT_LINE 79 719 79 724
PAINT_LINE 79 732 79 735
PAINT_LINE 79 746 79 749
PAINT_LINE 79 754 79 767
PAINT_LINE 79 775 79 788
PAINT_LINE 79 794 79 157
PAINT_LINE 80 77 80 86
PAINT_LINE 80 223 80 281
PAINT_LINE 80 319 80 364
PAINT_LINE 80 394 80 436
PAINT_LINE 80 467 80 521
PAINT_LINE 80 530 80 546
PAINT_LINE 80 564 80 607
PAINT_LINE 80 651 80 654
PAINT_LINE 80 661 80 665
PAINT_LINE 80 675 80 676
PAINT_LINE 80 693 80 697
PAINT_LINE 80 720 80 726
PAINT_LINE 80 734 80 736
PAINT_LINE 80 747 80 749
PAINT_LINE 80 755 80 762
PAINT_LINE 80 765 80 767
PAINT_LINE 80 776 80 788
PAINT_LINE 80 794 80 157
PAINT_LINE 81 75 81 80
PAINT_LINE 81 83 81 86
PAINT_LINE 81 226 81 278
PAINT_LINE 81 322 81 362
PAINT_LINE 81 396 81 433
PAINT_LINE 81 470 81 521
PAINT_LINE 81 531 81 545
PAINT_LINE 81 566 81 605
PAINT_LINE 81 650 81 653
PAINT_LINE 81 675 81 676
PAINT_LINE 81 694 81 697
PAINT_LINE 81 721 81 727
PAINT_LINE 81 734 81 737
PAINT_LINE 81 748 81 750
PAINT_LINE 81 756 81 762
PAINT_LINE 81 766 81 768
PAINT_LINE 81 777 81 784
PAINT_LINE 81 787 81 788
PAINT_LINE 81 794 81 157
PAINT_LINE 82 75 82 81
PAINT_LINE 82 232 82 273
PAINT_LINE 82 325 82 357
PAINT_LINE 82 398 82 430
PAINT_LINE 82 472 82 521
PAINT_LINE 82 531 82 545
PAINT_LINE 82 567 82 601
PAINT_LINE 82 650 82 652
PAINT_LINE 82 675 82 675
PAINT_LINE 82 695 82 698
PAINT_LINE 82 720 82 730
PAINT_LINE 82 734 82 738
PAINT_LINE 82 748 82 750
PAINT_LINE 82 756 82 762
PAINT_LINE 82 767 82 769
PAINT_LINE 82 777 82 783
PAINT_LINE 82 794 82 157
PAINT_LINE 83 0 83 6
PAINT_LINE 83 66 83 81
PAINT_LINE 83 239 83 265
PAINT_LINE 83 329 83 354
PAINT_LINE 83 404 83 424
PAINT_LINE 83 477 83 499
PAINT_LINE 83 505 83 521
PAINT_LINE 83 532 83 544
PAINT_LINE 83 575 83 595
PAINT_LINE 83 597 83 597
PAINT_LINE 83 649 83 651
PAINT_LINE 83 695 83 699
PAINT_LINE 83 720 83 741
PAINT_LINE 83 749 83 751
PAINT_LINE 83 756 83 761
PAINT_LINE 83 767 83 770
PAINT_LINE 83 773 83 783
PAINT_LINE 83 794 83 157
PAINT_LINE 84 2 84 20
PAINT_LINE 84 56 84 63
PAINT_LINE 84 67 84 69
PAINT_LINE 84 72 84 72
PAINT_LINE 84 75 84 77
PAINT_LINE 84 79 84 91
PAINT_LINE 84 248 84 249
PAINT_LINE 84 252 84 261
PAINT_LINE 84 334 84 334
PAINT_LINE 84 339 84 348
PAINT_LINE 84 407 84 418
PAINT_LINE 84 479 84 496
PAINT_LINE 84 505 84 521
PAINT_LINE 84 583 84 585
PAINT_LINE 84 591 84 591
PAINT_LINE 84 648 84 650
PAINT_LINE 84 696 84 699
PAINT_LINE 84 726 84 733
PAINT_LINE 84 735 84 745
PAINT_LINE 84 749 84 752
PAINT_LINE 84 757 84 762
PAINT_LINE 84 767 84 786
PAINT_LINE 84 794 84 157
PAINT_LINE 85 7 85 22
PAINT_LINE 85 47 85 61
PAINT_LINE 85 64 85 67
PAINT_LINE 85 72 85 77
PAINT_LINE 85 80 85 95
PAINT_LINE 85 505 85 520
PAINT_LINE 85 647 85 650
PAINT_LINE 85 697 85 700
PAINT_LINE 85 727 85 732
PAINT_LINE 85 739 85 753
PAINT_LINE 85 756 85 787
PAINT_LINE 85 794 85 157
PAINT_LINE 86 13 86 22
PAINT_LINE 86 41 86 73
PAINT_LINE 86 79 86 85
PAINT_LINE 86 88 86 100
PAINT_LINE 86 506 86 520
PAINT_LINE 86 647 86 649
PAINT_LINE 86 675 86 676
PAINT_LINE 86 698 86 701
PAINT_LINE 86 729 86 733
PAINT_LINE 86 741 86 786
PAINT_LINE 86 794 86 157
PAINT_LINE 87 6 87 17
PAINT_LINE 87 37 87 68
PAINT_LINE 87 70 87 72
PAINT_LINE 87 90 87 103
PAINT_LINE 87 471 87 472
PAINT_LINE 87 505 87 519
PAINT_LINE 87 646 87 648
PAINT_LINE 87 675 87 675
PAINT_LINE 87 698 87 702
PAINT_LINE 87 730 87 734
PAINT_LINE 87 742 87 745
PAINT_LINE 87 751 87 755
PAINT_LINE 87 760 87 786
PAINT_LINE 87 795 87 157
PAINT_LINE 88 0 88 7
PAINT_LINE 88 34 88 37
PAINT_LINE 88 39 88 54
PAINT_LINE 88 62 88 67
PAINT_LINE 88 71 88 72
PAINT_LINE 88 96 88 107
PAINT_LINE 88 464 88 473
PAINT_LINE 88 503 88 519
PAINT_LINE 88 645 88 648
PAINT_LINE 88 699 88 703
PAINT_LINE 88 730 88 746
PAINT_LINE 88 752 88 756
PAINT_LINE 88 762 88 781
PAINT_LINE 88 785 88 786
PAINT_LINE 88 788 88 788
PAINT_LINE 88 795 88 157
PAINT_LINE 89 31 89 33
PAINT_LINE 89 62 89 65
PAINT_LINE 89 70 89 71
PAINT_LINE 89 101 89 111
PAINT_LINE 89 460 89 475
PAINT_LINE 89 501 89 518
PAINT_LINE 89 644 89 647
PAINT_LINE 89 700 89 703
PAINT_LINE 89 727 89 759
PAINT_LINE 89 762 89 789
PAINT_LINE 89 795 89 157
PAINT_LINE 90 27 90 30
PAINT_LINE 90 61 90 63
PAINT_LINE 90 70 90 72
PAINT_LINE 90 105 90 113
PAINT_LINE 90 460 90 476
PAINT_LINE 90 499 90 517
PAINT_LINE 90 644 90 646
PAINT_LINE 90 659 90 660
PAINT_LINE 90 670 90 672
PAINT_LINE 90 674 90 675
PAINT_LINE 90 685 90 687
PAINT_LINE 90 700 90 704
PAINT_LINE 90 734 90 738
PAINT_LINE 90 746 90 749
PAINT_LINE 90 753 90 771
PAINT_LINE 90 778 90 788
PAINT_LINE 90 794 90 157
PAINT_LINE 91 22 91 28
PAINT_LINE 91 58 91 62
PAINT_LINE 91 71 91 71
PAINT_LINE 91 108 91 116
PAINT_LINE 91 459 91 481
PAINT_LINE 91 497 91 516
PAINT_LINE 91 643 91 645
PAINT_LINE 91 675 91 675
PAINT_LINE 91 701 91 705
PAINT_LINE 91 735 91 740
PAINT_LINE 91 747 91 749
PAINT_LINE 91 756 91 761
PAINT_LINE 91 767 91 773
PAINT_LINE 91 776 91 785
PAINT_LINE 91 788 91 788
PAINT_LINE 91 794 91 157
PAINT_LINE 92 20 92 23
PAINT_LINE 92 57 92 60
PAINT_LINE 92 71 92 72
PAINT_LINE 92 112 92 117
PAINT_LINE 92 461 92 515
PAINT_LINE 92 642 92 645
PAINT_LINE 92 701 92 706
PAINT_LINE 92 736 92 741
PAINT_LINE 92 748 92 750
PAINT_LINE 92 757 92 778
PAINT_LINE 92 781 92 785
PAINT_LINE 92 794 92 157
PAINT_LINE 93 19 93 22
PAINT_LINE 93 56 93 59
PAINT_LINE 93 71 93 72
PAINT_LINE 93 114 93 119
PAINT_LINE 93 462 93 515
PAINT_LINE 93 642 93 644
PAINT_LINE 93 699 93 707
PAINT_LINE 93 738 93 743
PAINT_LINE 93 746 93 775
PAINT_LINE 93 782 93 788
PAINT_LINE 93 794 93 157
PAINT_LINE 94 18 94 21
PAINT_LINE 94 55 94 58
PAINT_LINE 94 71 94 79
PAINT_LINE 94 82 94 82
PAINT_LINE 94 116 94 121
PAINT_LINE 94 464 94 513
PAINT_LINE 94 641 94 643
PAINT_LINE 94 702 94 708
PAINT_LINE 94 737 94 768
PAINT_LINE 94 771 94 776
PAINT_LINE 94 782 94 789
PAINT_LINE 94 794 94 157
PAINT_LINE 95 15 95 20
PAINT_LINE 95 35 95 36
PAINT_LINE 95 54 95 57
PAINT_LINE 95 69 95 90
PAINT_LINE 95 117 95 122
PAINT_LINE 95 214 95 220
PAINT_LINE 95 223 95 230
PAINT_LINE 95 465 95 511
PAINT_LINE 95 640 95 643
PAINT_LINE 95 675 95 676
PAINT_LINE 95 704 95 709
PAINT_LINE 95 733 95 745
PAINT_LINE 95 749 95 754
PAINT_LINE 95 763 95 769
PAINT_LINE 95 772 95 787
PAINT_LINE 95 794 95 157
PAINT_LINE 96 13 96 21
PAINT_LINE 96 32 96 36
PAINT_LINE 96 52 96 56
PAINT_LINE 96 68 96 72
PAINT_LINE 96 84 96 95
PAINT_LINE 96 120 96 124
PAINT_LINE 96 212 96 215
PAINT_LINE 96 218 96 224
PAINT_LINE 96 227 96 231
PAINT_LINE 96 288 96 290
PAINT_LINE 96 406 96 406
PAINT_LINE 96 409 96 423
PAINT_LINE 96 467 96 510
PAINT_LINE 96 640 96 643
PAINT_LINE 96 674 96 679
PAINT_LINE 96 684 96 687
PAINT_LINE 96 694 96 697
PAINT_LINE 96 702 96 709
PAINT_LINE 96 742 96 745
PAINT_LINE 96 751 96 755
PAINT_LINE 96 763 96 787
PAINT_LINE 96 795 96 157
PAINT_LINE 97 12 97 35
PAINT_LINE 97 46 97 55
PAINT_LINE 97 67 97 68
PAINT_LINE 97 70 97 72
PAINT_LINE 97 91 97 99
PAINT_LINE 97 122 97 125
PAINT_LINE 97 212 97 214
PAINT_LINE 97 219 97 224
PAINT_LINE 97 228 97 232
PAINT_LINE 97 284 97 297
PAINT_LINE 97 307 97 310
PAINT_LINE 97 317 97 319
PAINT_LINE 97 329 97 332
PAINT_LINE 97 351 97 361
PAINT_LINE 97 404 97 406
PAINT_LINE 97 408 97 413
PAINT_LINE 97 472 97 507
PAINT_LINE 97 640 97 644
PAINT_LINE 97 673 97 677
PAINT_LINE 97 704 97 709
PAINT_LINE 97 743 97 746
PAINT_LINE 97 751 97 770
PAINT_LINE 97 773 97 778
PAINT_LINE 97 784 97 788
PAINT_LINE 97 794 97 157
PAINT_LINE 98 11 98 29
PAINT_LINE 98 47 98 54
PAINT_LINE 98 66 98 67
PAINT_LINE 98 70 98 72
PAINT_LINE 98 95 98 104
PAINT_LINE 98 123 98 128
PAINT_LINE 98 211 98 215
PAINT_LINE 98 220 98 223
PAINT_LINE 98 228 98 233
PAINT_LINE 98 284 98 287
PAINT_LINE 98 306 98 308
PAINT_LINE 98 313 98 322
PAINT_LINE 98 329 98 333
PAINT_LINE 98 350 98 353
PAINT_LINE 98 404 98 420
PAINT_LINE 98 473 98 504
PAINT_LINE 98 640 98 643
PAINT_LINE 98 691 98 693
PAINT_LINE 98 704 98 708
PAINT_LINE 98 742 98 762
PAINT_LINE 98 764 98 769
PAINT_LINE 98 776 98 779
PAINT_LINE 98 782 98 788
PAINT_LINE 98 794 98 157
PAINT_LINE 99 9 99 27
PAINT_LINE 99 48 99 53
PAINT_LINE 99 64 99 66
PAINT_LINE 99 70 99 72
PAINT_LINE 99 99 99 106
PAINT_LINE 99 125 99 129
PAINT_LINE 99 208 99 216
PAINT_LINE 99 221 99 224
PAINT_LINE 99 230 99 233
PAINT_LINE 99 284 99 288
PAINT_LINE 99 305 99 308
PAINT_LINE 99 312 99 312
PAINT_LINE 99 318 99 322
PAINT_LINE 99 330 99 333
PAINT_LINE 99 341 99 341
PAINT_LINE 99 350 99 353
PAINT_LINE 99 404 99 408
PAINT_LINE 99 410 99 411
PAINT_LINE 99 418 99 423
PAINT_LINE 99 479 99 497
PAINT_LINE 99 641 99 645
PAINT_LINE 99 690 99 692
PAINT_LINE 99 702 99 707
PAINT_LINE 99 738 99 747
PAINT_LINE 99 754 99 759
PAINT_LINE 99 765 99 788
PAINT_LINE 99 794 99 157
PAINT_LINE 100 7 100 24
PAINT_LINE 100 49 100 53
PAINT_LINE 100 64 100 65
PAINT_LINE 100 70 100 73
PAINT_LINE 100 104 100 108
PAINT_LINE 100 126 100 131
PAINT_LINE 100 206 100 216
PAINT_LINE 100 222 100 225
PAINT_LINE 100 230 100 234
PAINT_LINE 100 285 100 295
PAINT_LINE 100 305 100 307
PAINT_LINE 100 318 100 321
PAINT_LINE 100 330 100 334
PAINT_LINE 100 339 100 342
PAINT_LINE 100 351 100 364
PAINT_LINE 100 378 100 380
PAINT_LINE 100 388 100 395
PAINT_LINE 100 404 100 408
PAINT_LINE 100 420 100 423
PAINT_LINE 100 643 100 647
PAINT_LINE 100 701 100 704
PAINT_LINE 100 737 100 738
PAINT_LINE 100 744 100 747
PAINT_LINE 100 756 100 772
PAINT_LINE 100 777 100 780
PAINT_LINE 100 786 100 788
PAINT_LINE 100 794 100 157
PAINT_LINE 101 6 101 15
PAINT_LINE 101 18 101 21
PAINT_LINE 101 49 101 52
PAINT_LINE 101 63 101 64
PAINT_LINE 101 71 101 73
PAINT_LINE 101 106 101 111
PAINT_LINE 101 128 101 132
PAINT_LINE 101 205 101 209
PAINT_LINE 101 211 101 216
PAINT_LINE 101 222 101 226
PAINT_LINE 101 231 101 234
PAINT_LINE 101 293 101 297
PAINT_LINE 101 305 101 306
PAINT_LINE 101 316 101 320
PAINT_LINE 101 330 101 334
PAINT_LINE 101 338 101 345
PAINT_LINE 101 362 101 366
PAINT_LINE 101 372 101 379
PAINT_LINE 101 389 101 395
PAINT_LINE 101 405 101 408
PAINT_LINE 101 422 101 423
PAINT_LINE 101 644 101 650
PAINT_LINE 101 698 101 702
PAINT_LINE 101 745 101 748
PAINT_LINE 101 754 101 762
PAINT_LINE 101 768 101 771
PAINT_LINE 101 779 101 780
PAINT_LINE 101 794 101 157
PAINT_LINE 102 5 102 9
PAINT_LINE 102 49 102 51
PAINT_LINE 102 62 102 63
PAINT_LINE 102 70 102 73
PAINT_LINE 102 107 102 112
PAINT_LINE 102 129 102 133
PAINT_LINE 102 205 102 209
PAINT_LINE 102 213 102 217
PAINT_LINE 102 223 102 226
PAINT_LINE 102 232 102 235
PAINT_LINE 102 238 102 241
PAINT_LINE 102 293 102 298
PAINT_LINE 102 305 102 307
PAINT_LINE 102 314 102 320
PAINT_LINE 102 330 102 334
PAINT_LINE 102 337 102 343
PAINT_LINE 102 362 102 367
PAINT_LINE 102 373 102 379
PAINT_LINE 102 388 102 396
PAINT_LINE 102 406 102 408
PAINT_LINE 102 411 102 413
PAINT_LINE 102 421 102 423
PAINT_LINE 102 646 102 656
PAINT_LINE 102 692 102 700
PAINT_LINE 102 745 102 759
PAINT_LINE 102 794 102 157
PAINT_LINE 103 4 103 8
PAINT_LINE 103 48 103 51
PAINT_LINE 103 62 103 63
PAINT_LINE 103 70 103 77
PAINT_LINE 103 108 103 113
PAINT_LINE 103 130 103 134
PAINT_LINE 103 205 103 209
PAINT_LINE 103 214 103 218
PAINT_LINE 103 223 103 227
PAINT_LINE 103 232 103 242
PAINT_LINE 103 285 103 286
PAINT_LINE 103 293 103 298
PAINT_LINE 103 305 103 307
PAINT_LINE 103 312 103 325
PAINT_LINE 103 329 103 333
PAINT_LINE 103 340 103 342
PAINT_LINE 103 354 103 354
PAINT_LINE 103 362 103 366
PAINT_LINE 103 372 103 375
PAINT_LINE 103 377 103 382
PAINT_LINE 103 389 103 392
PAINT_LINE 103 394 103 395
PAINT_LINE 103 406 103 408
PAINT_LINE 103 410 103 422
PAINT_LINE 103 443 103 447
PAINT_LINE 103 649 103 664
PAINT_LINE 103 667 103 680
PAINT_LINE 103 682 103 683
PAINT_LINE 103 685 103 695
PAINT_LINE 103 697 103 697
PAINT_LINE 103 744 103 751
PAINT_LINE 103 755 103 760
PAINT_LINE 103 794 103 157
PAINT_LINE 104 4 104 7
PAINT_LINE 104 48 104 50
PAINT_LINE 104 61 104 62
PAINT_LINE 104 69 104 79
PAINT_LINE 104 110 104 114
PAINT_LINE 104 131 104 135
PAINT_LINE 104 206 104 209
PAINT_LINE 104 214 104 218
PAINT_LINE 104 224 104 227
PAINT_LINE 104 233 104 243
PAINT_LINE 104 284 104 295
PAINT_LINE 104 305 104 308
PAINT_LINE 104 312 104 323
PAINT_LINE 104 329 104 332
PAINT_LINE 104 353 104 364
PAINT_LINE 104 372 104 374
PAINT_LINE 104 379 104 380
PAINT_LINE 104 406 104 407
PAINT_LINE 104 414 104 419
PAINT_LINE 104 441 104 448
PAINT_LINE 104 657 104 691
PAINT_LINE 104 744 104 750
PAINT_LINE 104 756 104 760
PAINT_LINE 104 794 104 157
PAINT_LINE 105 3 105 6
PAINT_LINE 105 48 105 50
PAINT_LINE 105 60 105 61
PAINT_LINE 105 68 105 73
PAINT_LINE 105 76 105 86
PAINT_LINE 105 112 105 116
PAINT_LINE 105 132 105 136
PAINT_LINE 105 207 105 209
PAINT_LINE 105 215 105 218
PAINT_LINE 105 224 105 228
PAINT_LINE 105 233 105 236
PAINT_LINE 105 240 105 243
PAINT_LINE 105 287 105 292
PAINT_LINE 105 307 105 308
PAINT_LINE 105 329 105 329
PAINT_LINE 105 353 105 354
PAINT_LINE 105 439 105 448
PAINT_LINE 105 748 105 750
PAINT_LINE 105 794 105 157
PAINT_LINE 106 2 106 5
PAINT_LINE 106 47 106 49
PAINT_LINE 106 59 106 61
PAINT_LINE 106 67 106 68
PAINT_LINE 106 70 106 72
PAINT_LINE 106 82 106 89
PAINT_LINE 106 114 106 118
PAINT_LINE 106 133 106 137
PAINT_LINE 106 207 106 210
PAINT_LINE 106 216 106 218
PAINT_LINE 106 225 106 228
PAINT_LINE 106 234 106 237
PAINT_LINE 106 241 106 244
PAINT_LINE 106 347 106 355
PAINT_LINE 106 435 106 447
PAINT_LINE 106 794 106 157
PAINT_LINE 107 1 107 4
PAINT_LINE 107 46 107 50
PAINT_LINE 107 58 107 60
PAINT_LINE 107 66 107 67
PAINT_LINE 107 70 107 72
PAINT_LINE 107 85 107 91
PAINT_LINE 107 115 107 119
PAINT_LINE 107 133 107 137
PAINT_LINE 107 208 107 211
PAINT_LINE 107 216 107 219
PAINT_LINE 107 226 107 229
PAINT_LINE 107 234 107 237
PAINT_LINE 107 242 107 245
PAINT_LINE 107 346 107 355
PAINT_LINE 107 436 107 445
PAINT_LINE 107 794 107 157
PAINT_LINE 108 0 108 4
PAINT_LINE 108 36 108 38
PAINT_LINE 108 46 108 49
PAINT_LINE 108 57 108 60
PAINT_LINE 108 65 108 66
PAINT_LINE 108 70 108 72
PAINT_LINE 108 89 108 95
PAINT_LINE 108 117 108 120
PAINT_LINE 108 133 108 138
PAINT_LINE 108 208 108 211
PAINT_LINE 108 216 108 219
PAINT_LINE 108 226 108 230
PAINT_LINE 108 235 108 238
PAINT_LINE 108 243 108 247
PAINT_LINE 108 341 108 355
PAINT_LINE 108 429 108 431
PAINT_LINE 108 437 108 440
PAINT_LINE 108 795 108 157
PAINT_LINE 109 0 109 3
PAINT_LINE 109 37 109 39
PAINT_LINE 109 46 109 49
PAINT_LINE 109 57 109 59
PAINT_LINE 109 64 109 65
PAINT_LINE 109 70 109 73
PAINT_LINE 109 92 109 96
PAINT_LINE 109 118 109 121
PAINT_LINE 109 134 109 139
PAINT_LINE 109 208 109 212
PAINT_LINE 109 217 109 220
PAINT_LINE 109 226 109 230
PAINT_LINE 109 235 109 238
PAINT_LINE 109 243 109 247
PAINT_LINE 109 341 109 354
PAINT_LINE 109 796 109 157
PAINT_LINE 110 0 110 2
PAINT_LINE 110 38 110 40
PAINT_LINE 110 46 110 48
PAINT_LINE 110 57 110 59
PAINT_LINE 110 63 110 65
PAINT_LINE 110 71 110 72
PAINT_LINE 110 93 110 98
PAINT_LINE 110 119 110 122
PAINT_LINE 110 135 110 139
PAINT_LINE 110 208 110 213
PAINT_LINE 110 218 110 220
PAINT_LINE 110 227 110 230
PAINT_LINE 110 235 110 238
PAINT_LINE 110 244 110 248
PAINT_LINE 110 337 110 338
PAINT_LINE 110 342 110 351
PAINT_LINE 111 0 111 3
PAINT_LINE 111 39 111 43
PAINT_LINE 111 46 111 48
PAINT_LINE 111 57 111 58
PAINT_LINE 111 63 111 64
PAINT_LINE 111 71 111 77
PAINT_LINE 111 95 111 99
PAINT_LINE 111 120 111 123
PAINT_LINE 111 136 111 140
PAINT_LINE 111 209 111 213
PAINT_LINE 111 217 111 221
PAINT_LINE 111 227 111 230
PAINT_LINE 111 236 111 238
PAINT_LINE 111 244 111 248
PAINT_LINE 111 262 111 267
PAINT_LINE 111 316 111 316
PAINT_LINE 111 323 111 328
PAINT_LINE 111 335 111 337
PAINT_LINE 111 343 111 345
PAINT_LINE 111 360 111 370
PAINT_LINE 111 406 111 408
PAINT_LINE 111 412 111 427
PAINT_LINE 111 644 111 668
PAINT_LINE 112 0 112 2
PAINT_LINE 112 40 112 48
PAINT_LINE 112 57 112 57
PAINT_LINE 112 63 112 64
PAINT_LINE 112 70 112 81
PAINT_LINE 112 96 112 99
PAINT_LINE 112 120 112 123
PAINT_LINE 112 137 112 141
PAINT_LINE 112 209 112 212
PAINT_LINE 112 217 112 221
PAINT_LINE 112 227 112 229
PAINT_LINE 112 235 112 238
PAINT_LINE 112 245 112 251
PAINT_LINE 112 255 112 267
PAINT_LINE 112 313 112 317
PAINT_LINE 112 322 112 324
PAINT_LINE 112 326 112 331
PAINT_LINE 112 335 112 335
PAINT_LINE 112 359 112 362
PAINT_LINE 112 406 112 409
PAINT_LINE 112 412 112 426
PAINT_LINE 112 637 112 638
PAINT_LINE 112 640 112 674
PAINT_LINE 113 0 113 2
PAINT_LINE 113 41 113 48
PAINT_LINE 113 57 113 58
PAINT_LINE 113 62 113 64
PAINT_LINE 113 69 113 73
PAINT_LINE 113 79 113 83
PAINT_LINE 113 96 113 100
PAINT_LINE 113 121 113 123
PAINT_LINE 113 137 113 141
PAINT_LINE 113 210 113 213
PAINT_LINE 113 218 113 221
PAINT_LINE 113 227 113 230
PAINT_LINE 113 235 113 238
PAINT_LINE 113 245 113 266
PAINT_LINE 113 312 113 317
PAINT_LINE 113 321 113 323
PAINT_LINE 113 328 113 332
PAINT_LINE 113 358 113 369
PAINT_LINE 113 406 113 409
PAINT_LINE 113 411 113 424
PAINT_LINE 113 634 113 642
PAINT_LINE 113 667 113 677
PAINT_LINE 114 0 114 1
PAINT_LINE 114 42 114 48
PAINT_LINE 114 56 114 57
PAINT_LINE 114 62 114 63
PAINT_LINE 114 69 114 73
PAINT_LINE 114 82 114 85
PAINT_LINE 114 97 114 101
PAINT_LINE 114 121 114 123
PAINT_LINE 114 138 114 141
PAINT_LINE 114 210 114 213
PAINT_LINE 114 218 114 221
PAINT_LINE 114 227 114 231
PAINT_LINE 114 236 114 238
PAINT_LINE 114 246 114 254
PAINT_LINE 114 258 114 262
PAINT_LINE 114 313 114 317
PAINT_LINE 114 319 114 321
PAINT_LINE 114 330 114 334
PAINT_LINE 114 347 114 350
PAINT_LINE 114 359 114 371
PAINT_LINE 114 390 114 398
PAINT_LINE 114 405 114 409
PAINT_LINE 114 412 114 426
PAINT_LINE 114 628 114 635
PAINT_LINE 114 671 114 681
PAINT_LINE 115 0 115 2
PAINT_LINE 115 43 115 47
PAINT_LINE 115 56 115 58
PAINT_LINE 115 62 115 63
PAINT_LINE 115 68 115 72
PAINT_LINE 115 83 115 86
PAINT_LINE 115 98 115 102
PAINT_LINE 115 122 115 123
PAINT_LINE 115 139 115 142
PAINT_LINE 115 210 115 213
PAINT_LINE 115 219 115 221
PAINT_LINE 115 228 115 231
PAINT_LINE 115 236 115 239
PAINT_LINE 115 248 115 255
PAINT_LINE 115 257 115 260
PAINT_LINE 115 314 115 321
PAINT_LINE 115 331 115 334
PAINT_LINE 115 346 115 353
PAINT_LINE 115 369 115 372
PAINT_LINE 115 376 115 378
PAINT_LINE 115 381 115 384
PAINT_LINE 115 390 115 398
PAINT_LINE 115 406 115 409
PAINT_LINE 115 424 115 427
PAINT_LINE 115 625 115 630
PAINT_LINE 115 640 115 664
PAINT_LINE 115 677 115 684
PAINT_LINE 116 0 116 2
PAINT_LINE 116 44 116 48
PAINT_LINE 116 56 116 58
PAINT_LINE 116 62 116 63
PAINT_LINE 116 67 116 68
PAINT_LINE 116 71 116 73
PAINT_LINE 116 85 116 87
PAINT_LINE 116 99 116 102
PAINT_LINE 116 123 116 124
PAINT_LINE 116 139 116 142
PAINT_LINE 116 210 116 214
PAINT_LINE 116 219 116 222
PAINT_LINE 116 227 116 230
PAINT_LINE 116 236 116 239
PAINT_LINE 116 247 116 258
PAINT_LINE 116 314 116 316
PAINT_LINE 116 318 116 321
PAINT_LINE 116 331 116 334
PAINT_LINE 116 344 116 354
PAINT_LINE 116 370 116 373
PAINT_LINE 116 377 116 384
PAINT_LINE 116 389 116 398
PAINT_LINE 116 406 116 409
PAINT_LINE 116 424 116 427
PAINT_LINE 116 622 116 626
PAINT_LINE 116 634 116 642
PAINT_LINE 116 656 116 662
PAINT_LINE 116 664 116 670
PAINT_LINE 116 681 116 686
PAINT_LINE 117 0 117 2
PAINT_LINE 117 44 117 48
PAINT_LINE 117 55 117 58
PAINT_LINE 117 62 117 63
PAINT_LINE 117 66 117 68
PAINT_LINE 117 71 117 72
PAINT_LINE 117 86 117 88
PAINT_LINE 117 100 117 103
PAINT_LINE 117 122 117 125
PAINT_LINE 117 139 117 142
PAINT_LINE 117 210 117 214
PAINT_LINE 117 220 117 221
PAINT_LINE 117 227 117 231
PAINT_LINE 117 236 117 239
PAINT_LINE 117 248 117 254
PAINT_LINE 117 314 117 317
PAINT_LINE 117 319 117 322
PAINT_LINE 117 330 117 334
PAINT_LINE 117 346 117 351
PAINT_LINE 117 370 117 372
PAINT_LINE 117 378 117 385
PAINT_LINE 117 390 117 396
PAINT_LINE 117 405 117 409
PAINT_LINE 117 412 117 415
PAINT_LINE 117 424 117 428
PAINT_LINE 117 498 117 498
PAINT_LINE 117 620 117 624
PAINT_LINE 117 631 117 635
PAINT_LINE 117 655 117 658
PAINT_LINE 117 666 117 673
PAINT_LINE 117 683 117 690
PAINT_LINE 118 0 118 2
PAINT_LINE 118 44 118 48
PAINT_LINE 118 55 118 58
PAINT_LINE 118 62 118 63
PAINT_LINE 118 66 118 68
PAINT_LINE 118 71 118 72
PAINT_LINE 118 87 118 88
PAINT_LINE 118 100 118 102
PAINT_LINE 118 122 118 125
PAINT_LINE 118 140 118 142
PAINT_LINE 118 207 118 214
PAINT_LINE 118 219 118 221
PAINT_LINE 118 228 118 232
PAINT_LINE 118 236 118 239
PAINT_LINE 118 249 118 253
PAINT_LINE 118 314 118 317
PAINT_LINE 118 320 118 332
PAINT_LINE 118 348 118 348
PAINT_LINE 118 359 118 372
PAINT_LINE 118 377 118 386
PAINT_LINE 118 405 118 409
PAINT_LINE 118 412 118 418
PAINT_LINE 118 422 118 427
PAINT_LINE 118 494 118 499
PAINT_LINE 118 618 118 622
PAINT_LINE 118 630 118 634
PAINT_LINE 118 652 118 655
PAINT_LINE 118 665 118 676
PAINT_LINE 118 684 118 692
PAINT_LINE 119 0 119 2
PAINT_LINE 119 44 119 48
PAINT_LINE 119 55 119 57
PAINT_LINE 119 62 119 63
PAINT_LINE 119 65 119 68
PAINT_LINE 119 70 119 72
PAINT_LINE 119 88 119 88
PAINT_LINE 119 100 119 103
PAINT_LINE 119 123 119 124
PAINT_LINE 119 139 119 143
PAINT_LINE 119 201 119 208
PAINT_LINE 119 211 119 214
PAINT_LINE 119 219 119 221
PAINT_LINE 119 228 119 231
PAINT_LINE 119 237 119 239
PAINT_LINE 119 248 119 252
PAINT_LINE 119 314 119 315
PAINT_LINE 119 322 119 330
PAINT_LINE 119 359 119 370
PAINT_LINE 119 377 119 378
PAINT_LINE 119 384 119 386
PAINT_LINE 119 406 119 408
PAINT_LINE 119 413 119 425
PAINT_LINE 119 491 119 495
PAINT_LINE 119 499 119 500
PAINT_LINE 119 615 119 619
PAINT_LINE 119 629 119 634
PAINT_LINE 119 663 119 665
PAINT_LINE 119 671 119 680
PAINT_LINE 119 686 119 694
PAINT_LINE 120 0 120 2
PAINT_LINE 120 44 120 48
PAINT_LINE 120 55 120 57
PAINT_LINE 120 62 120 62
PAINT_LINE 120 65 120 68
PAINT_LINE 120 70 120 72
PAINT_LINE 120 83 120 153
PAINT_LINE 120 194 120 201
PAINT_LINE 120 211 120 215
PAINT_LINE 120 220 120 222
PAINT_LINE 120 229 120 232
PAINT_LINE 120 238 120 239
PAINT_LINE 120 249 120 252
PAINT_LINE 120 417 120 418
PAINT_LINE 120 489 120 495
PAINT_LINE 120 498 120 501
PAINT_LINE 120 613 120 617
PAINT_LINE 120 625 120 635
PAINT_LINE 120 648 120 649
PAINT_LINE 120 661 120 663
PAINT_LINE 120 672 120 681
PAINT_LINE 120 687 120 695
PAINT_LINE 121 0 121 2
PAINT_LINE 121 44 121 48
PAINT_LINE 121 55 121 57
PAINT_LINE 121 62 121 63
PAINT_LINE 121 66 121 67
PAINT_LINE 121 70 121 72
PAINT_LINE 121 82 121 82
PAINT_LINE 121 84 121 84
PAINT_LINE 121 87 121 90
PAINT_LINE 121 95 121 95
PAINT_LINE 121 98 121 102
PAINT_LINE 121 105 121 107
PAINT_LINE 121 109 121 117
PAINT_LINE 121 120 121 121
PAINT_LINE 121 123 121 144
PAINT_LINE 121 147 121 150
PAINT_LINE 121 152 121 153
PAINT_LINE 121 178 121 187
PAINT_LINE 121 191 121 198
PAINT_LINE 121 211 121 215
PAINT_LINE 121 221 121 222
PAINT_LINE 121 229 121 233
PAINT_LINE 121 238 121 239
PAINT_LINE 121 250 121 253
PAINT_LINE 121 488 121 495
PAINT_LINE 121 498 121 507
PAINT_LINE 121 612 121 615
PAINT_LINE 121 624 121 626
PAINT_LINE 121 629 121 636
PAINT_LINE 121 649 121 651
PAINT_LINE 121 655 121 657
PAINT_LINE 121 660 121 664
PAINT_LINE 121 674 121 675
PAINT_LINE 121 678 121 683
PAINT_LINE 121 689 121 697
PAINT_LINE 122 0 122 2
PAINT_LINE 122 44 122 48
PAINT_LINE 122 55 122 58
PAINT_LINE 122 61 122 63
PAINT_LINE 122 67 122 68
PAINT_LINE 122 70 122 72
PAINT_LINE 122 88 122 88
PAINT_LINE 122 101 122 102
PAINT_LINE 122 123 122 124
PAINT_LINE 122 139 122 142
PAINT_LINE 122 169 122 194
PAINT_LINE 122 211 122 215
PAINT_LINE 122 220 122 222
PAINT_LINE 122 230 122 233
PAINT_LINE 122 238 122 240
PAINT_LINE 122 249 122 253
PAINT_LINE 122 488 122 495
PAINT_LINE 122 498 122 508
PAINT_LINE 122 611 122 614
PAINT_LINE 122 624 122 626
PAINT_LINE 122 634 122 639
PAINT_LINE 122 650 122 652
PAINT_LINE 122 655 122 663
PAINT_LINE 122 673 122 676
PAINT_LINE 122 679 122 683
PAINT_LINE 122 692 122 697
PAINT_LINE 122 797 122 157
PAINT_LINE 123 0 123 2
PAINT_LINE 123 45 123 47
PAINT_LINE 123 55 123 58
PAINT_LINE 123 61 123 63
PAINT_LINE 123 66 123 68
PAINT_LINE 123 70 123 73
PAINT_LINE 123 87 123 88
PAINT_LINE 123 100 123 102
PAINT_LINE 123 123 123 124
PAINT_LINE 123 139 123 143
PAINT_LINE 123 168 123 194
PAINT_LINE 123 212 123 215
PAINT_LINE 123 221 123 223
PAINT_LINE 123 231 123 232
PAINT_LINE 123 250 123 253
PAINT_LINE 123 487 123 489
PAINT_LINE 123 491 123 495
PAINT_LINE 123 498 123 504
PAINT_LINE 123 506 123 508
PAINT_LINE 123 610 123 612
PAINT_LINE 123 617 123 622
PAINT_LINE 123 624 123 627
PAINT_LINE 123 636 123 640
PAINT_LINE 123 650 123 652
PAINT_LINE 123 670 123 685
PAINT_LINE 123 693 123 698
PAINT_LINE 123 794 123 797
PAINT_LINE 124 0 124 4
PAINT_LINE 124 44 124 48
PAINT_LINE 124 55 124 58
PAINT_LINE 124 62 124 64
PAINT_LINE 124 67 124 73
PAINT_LINE 124 87 124 88
PAINT_LINE 124 100 124 101
PAINT_LINE 124 123 124 125
PAINT_LINE 124 139 124 142
PAINT_LINE 124 168 124 194
PAINT_LINE 124 211 124 215
PAINT_LINE 124 221 124 223
PAINT_LINE 124 231 124 232
PAINT_LINE 124 250 124 253
PAINT_LINE 124 486 124 489
PAINT_LINE 124 491 124 494
PAINT_LINE 124 498 124 503
PAINT_LINE 124 506 124 508
PAINT_LINE 124 609 124 611
PAINT_LINE 124 615 124 618
PAINT_LINE 124 626 124 628
PAINT_LINE 124 638 124 642
PAINT_LINE 124 650 124 652
PAINT_LINE 124 667 124 671
PAINT_LINE 124 682 124 687
PAINT_LINE 124 694 124 700
PAINT_LINE 124 789 124 794
PAINT_LINE 125 0 125 6
PAINT_LINE 125 44 125 47
PAINT_LINE 125 55 125 58
PAINT_LINE 125 63 125 64
PAINT_LINE 125 68 125 73
PAINT_LINE 125 86 125 87
PAINT_LINE 125 99 125 100
PAINT_LINE 125 123 125 124
PAINT_LINE 125 139 125 143
PAINT_LINE 125 168 125 194
PAINT_LINE 125 211 125 214
PAINT_LINE 125 221 125 223
PAINT_LINE 125 251 125 254
PAINT_LINE 125 357 125 367
PAINT_LINE 125 406 125 418
PAINT_LINE 125 486 125 489
PAINT_LINE 125 491 125 494
PAINT_LINE 125 498 125 502
PAINT_LINE 125 507 125 508
PAINT_LINE 125 607 125 609
PAINT_LINE 125 614 125 617
PAINT_LINE 125 627 125 629
PAINT_LINE 125 637 125 641
PAINT_LINE 125 665 125 667
PAINT_LINE 125 683 125 690
PAINT_LINE 125 695 125 701
PAINT_LINE 125 787 125 788
PAINT_LINE 126 0 126 8
PAINT_LINE 126 45 126 47
PAINT_LINE 126 55 126 58
PAINT_LINE 126 63 126 65
PAINT_LINE 126 68 126 73
PAINT_LINE 126 84 126 86
PAINT_LINE 126 98 126 100
PAINT_LINE 126 123 126 124
PAINT_LINE 126 139 126 142
PAINT_LINE 126 166 126 195
PAINT_LINE 126 204 126 214
PAINT_LINE 126 250 126 255
PAINT_LINE 126 355 126 366
PAINT_LINE 126 406 126 411
PAINT_LINE 126 486 126 489
PAINT_LINE 126 491 126 494
PAINT_LINE 126 498 126 502
PAINT_LINE 126 506 126 508
PAINT_LINE 126 606 126 608
PAINT_LINE 126 613 126 617
PAINT_LINE 126 628 126 630
PAINT_LINE 126 637 126 641
PAINT_LINE 126 681 126 683
PAINT_LINE 126 686 126 691
PAINT_LINE 126 697 126 702
PAINT_LINE 126 785 126 786
PAINT_LINE 126 799 126 157
PAINT_LINE 127 0 127 9
PAINT_LINE 127 44 127 47
PAINT_LINE 127 56 127 58
PAINT_LINE 127 63 127 65
PAINT_LINE 127 69 127 73
PAINT_LINE 127 82 127 83
PAINT_LINE 127 97 127 99
PAINT_LINE 127 122 127 124
PAINT_LINE 127 139 127 143
PAINT_LINE 127 164 127 196
PAINT_LINE 127 199 127 209
PAINT_LINE 127 211 127 214
PAINT_LINE 127 251 127 255
PAINT_LINE 127 354 127 366
PAINT_LINE 127 406 127 416
PAINT_LINE 127 487 127 488
PAINT_LINE 127 491 127 494
PAINT_LINE 127 498 127 501
PAINT_LINE 127 506 127 507
PAINT_LINE 127 604 127 607
PAINT_LINE 127 613 127 616
PAINT_LINE 127 629 127 631
PAINT_LINE 127 640 127 642
PAINT_LINE 127 653 127 657
PAINT_LINE 127 660 127 660
PAINT_LINE 127 680 127 681
PAINT_LINE 127 687 127 692
PAINT_LINE 127 698 127 703
PAINT_LINE 127 781 127 784
PAINT_LINE 127 799 127 157
PAINT_LINE 128 0 128 11
PAINT_LINE 128 43 128 47
PAINT_LINE 128 56 128 59
PAINT_LINE 128 63 128 65
PAINT_LINE 128 70 128 73
PAINT_LINE 128 78 128 81
PAINT_LINE 128 96 128 98
PAINT_LINE 128 121 128 124
PAINT_LINE 128 138 128 142
PAINT_LINE 128 164 128 204
PAINT_LINE 128 211 128 215
PAINT_LINE 128 251 128 255
PAINT_LINE 128 355 128 369
PAINT_LINE 128 406 128 406
PAINT_LINE 128 411 128 419
PAINT_LINE 128 487 128 488
PAINT_LINE 128 491 128 494
PAINT_LINE 128 498 128 500
PAINT_LINE 128 506 128 508
PAINT_LINE 128 603 128 606
PAINT_LINE 128 612 128 617
PAINT_LINE 128 632 128 633
PAINT_LINE 128 641 128 647
PAINT_LINE 128 654 128 657
PAINT_LINE 128 679 128 680
PAINT_LINE 128 688 128 693
PAINT_LINE 128 699 128 704
PAINT_LINE 128 780 128 783
PAINT_LINE 128 794 128 157
PAINT_LINE 129 1 129 12
PAINT_LINE 129 43 129 47
PAINT_LINE 129 56 129 59
PAINT_LINE 129 64 129 65
PAINT_LINE 129 71 129 78
PAINT_LINE 129 89 129 153
PAINT_LINE 129 164 129 190
PAINT_LINE 129 193 129 200
PAINT_LINE 129 211 129 215
PAINT_LINE 129 252 129 256
PAINT_LINE 129 367 129 370
PAINT_LINE 129 376 129 376
PAINT_LINE 129 379 129 383
PAINT_LINE 129 416 129 420
PAINT_LINE 129 487 129 489
PAINT_LINE 129 492 129 494
PAINT_LINE 129 498 129 501
PAINT_LINE 129 506 129 507
PAINT_LINE 129 602 129 605
PAINT_LINE 129 610 129 613
PAINT_LINE 129 615 129 617
PAINT_LINE 129 627 129 628
PAINT_LINE 129 633 129 634
PAINT_LINE 129 645 129 648
PAINT_LINE 129 657 129 658
PAINT_LINE 129 678 129 679
PAINT_LINE 129 688 129 693
PAINT_LINE 129 700 129 706
PAINT_LINE 129 778 129 157
PAINT_LINE 130 0 130 13
PAINT_LINE 130 43 130 48
PAINT_LINE 130 56 130 60
PAINT_LINE 130 64 130 66
PAINT_LINE 130 71 130 73
PAINT_LINE 130 90 130 95
PAINT_LINE 130 98 130 98
PAINT_LINE 130 101 130 134
PAINT_LINE 130 137 130 152
PAINT_LINE 130 164 130 189
PAINT_LINE 130 211 130 215
PAINT_LINE 130 251 130 256
PAINT_LINE 130 368 130 371
PAINT_LINE 130 374 130 381
PAINT_LINE 130 417 130 421
PAINT_LINE 130 487 130 489
PAINT_LINE 130 492 130 494
PAINT_LINE 130 498 130 501
PAINT_LINE 130 507 130 507
PAINT_LINE 130 601 130 605
PAINT_LINE 130 609 130 612
PAINT_LINE 130 625 130 627
PAINT_LINE 130 634 130 634
PAINT_LINE 130 645 130 649
PAINT_LINE 130 657 130 658
PAINT_LINE 130 665 130 667
PAINT_LINE 130 670 130 677
PAINT_LINE 130 683 130 683
PAINT_LINE 130 688 130 693
PAINT_LINE 130 697 130 698
PAINT_LINE 130 701 130 707
PAINT_LINE 130 777 130 786
PAINT_LINE 130 789 130 794
PAINT_LINE 130 799 130 157
PAINT_LINE 131 1 131 13
PAINT_LINE 131 40 131 48
PAINT_LINE 131 56 131 60
PAINT_LINE 131 65 131 66
PAINT_LINE 131 70 131 72
PAINT_LINE 131 90 131 94
PAINT_LINE 131 120 131 122
PAINT_LINE 131 138 131 141
PAINT_LINE 131 170 131 185
PAINT_LINE 131 210 131 215
PAINT_LINE 131 252 131 256
PAINT_LINE 131 367 131 370
PAINT_LINE 131 374 131 380
PAINT_LINE 131 406 131 407
PAINT_LINE 131 415 131 421
PAINT_LINE 131 487 131 489
PAINT_LINE 131 491 131 494
PAINT_LINE 131 498 131 501
PAINT_LINE 131 506 131 507
PAINT_LINE 131 601 131 604
PAINT_LINE 131 608 131 611
PAINT_LINE 131 645 131 648
PAINT_LINE 131 657 131 659
PAINT_LINE 131 666 131 667
PAINT_LINE 131 669 131 677
PAINT_LINE 131 680 131 684
PAINT_LINE 131 688 131 692
PAINT_LINE 131 697 131 698
PAINT_LINE 131 702 131 707
PAINT_LINE 131 775 131 778
PAINT_LINE 131 790 131 794
PAINT_LINE 131 797 131 157
PAINT_LINE 132 2 132 14
PAINT_LINE 132 40 132 48
PAINT_LINE 132 57 132 61
PAINT_LINE 132 65 132 67
PAINT_LINE 132 71 132 73
PAINT_LINE 132 88 132 91
PAINT_LINE 132 119 132 122
PAINT_LINE 132 137 132 141
PAINT_LINE 132 172 132 182
PAINT_LINE 132 210 132 215
PAINT_LINE 132 252 132 256
PAINT_LINE 132 367 132 368
PAINT_LINE 132 374 132 381
PAINT_LINE 132 391 132 398
PAINT_LINE 132 406 132 419
PAINT_LINE 132 486 132 494
PAINT_LINE 132 498 132 500
PAINT_LINE 132 506 132 508
PAINT_LINE 132 600 132 602
PAINT_LINE 132 608 132 610
PAINT_LINE 132 621 132 622
PAINT_LINE 132 645 132 648
PAINT_LINE 132 657 132 659
PAINT_LINE 132 665 132 671
PAINT_LINE 132 675 132 681
PAINT_LINE 132 688 132 692
PAINT_LINE 132 697 132 698
PAINT_LINE 132 702 132 708
PAINT_LINE 132 773 132 777
PAINT_LINE 132 792 132 157
PAINT_LINE 133 2 133 14
PAINT_LINE 133 41 133 49
PAINT_LINE 133 57 133 60
PAINT_LINE 133 66 133 68
PAINT_LINE 133 71 133 72
PAINT_LINE 133 84 133 90
PAINT_LINE 133 119 133 122
PAINT_LINE 133 137 133 140
PAINT_LINE 133 175 133 176
PAINT_LINE 133 210 133 215
PAINT_LINE 133 252 133 256
PAINT_LINE 133 356 133 367
PAINT_LINE 133 372 133 375
PAINT_LINE 133 378 133 382
PAINT_LINE 133 392 133 397
PAINT_LINE 133 407 133 416
PAINT_LINE 133 486 133 489
PAINT_LINE 133 492 133 493
PAINT_LINE 133 498 133 500
PAINT_LINE 133 505 133 508
PAINT_LINE 133 599 133 601
PAINT_LINE 133 607 133 609
PAINT_LINE 133 616 133 619
PAINT_LINE 133 624 133 636
PAINT_LINE 133 646 133 651
PAINT_LINE 133 658 133 672
PAINT_LINE 133 677 133 679
PAINT_LINE 133 686 133 692
PAINT_LINE 133 697 133 698
PAINT_LINE 133 703 133 708
PAINT_LINE 133 771 133 776
PAINT_LINE 134 3 134 14
PAINT_LINE 134 42 134 49
PAINT_LINE 134 57 134 61
PAINT_LINE 134 67 134 87
PAINT_LINE 134 118 134 121
PAINT_LINE 134 136 134 140
PAINT_LINE 134 210 134 215
PAINT_LINE 134 252 134 255
PAINT_LINE 134 360 134 362
PAINT_LINE 134 373 134 373
PAINT_LINE 134 380 134 380
PAINT_LINE 134 392 134 398
PAINT_LINE 134 410 134 413
PAINT_LINE 134 465 134 471
PAINT_LINE 134 486 134 489
PAINT_LINE 134 505 134 508
PAINT_LINE 134 599 134 601
PAINT_LINE 134 608 134 610
PAINT_LINE 134 613 134 617
PAINT_LINE 134 629 134 662
PAINT_LINE 134 671 134 680
PAINT_LINE 134 684 134 690
PAINT_LINE 134 696 134 698
PAINT_LINE 134 703 134 708
PAINT_LINE 134 770 134 774
PAINT_LINE 135 3 135 15
PAINT_LINE 135 43 135 49
PAINT_LINE 135 57 135 62
PAINT_LINE 135 68 135 82
PAINT_LINE 135 117 135 120
PAINT_LINE 135 134 135 139
PAINT_LINE 135 210 135 215
PAINT_LINE 135 252 135 255
PAINT_LINE 135 356 135 383
PAINT_LINE 135 391 135 397
PAINT_LINE 135 406 135 421
PAINT_LINE 135 448 135 494
PAINT_LINE 135 497 135 501
PAINT_LINE 135 505 135 508
PAINT_LINE 135 599 135 602
PAINT_LINE 135 608 135 615
PAINT_LINE 135 653 135 657
PAINT_LINE 135 674 135 684
PAINT_LINE 135 696 135 699
PAINT_LINE 135 704 135 708
PAINT_LINE 135 769 135 772
PAINT_LINE 136 4 136 16
PAINT_LINE 136 44 136 50
PAINT_LINE 136 58 136 62
PAINT_LINE 136 69 136 73
PAINT_LINE 136 116 136 119
PAINT_LINE 136 133 136 138
PAINT_LINE 136 210 136 215
PAINT_LINE 136 252 136 255
PAINT_LINE 136 356 136 377
PAINT_LINE 136 408 136 419
PAINT_LINE 136 448 136 457
PAINT_LINE 136 461 136 462
PAINT_LINE 136 483 136 526
PAINT_LINE 136 599 136 602
PAINT_LINE 136 609 136 613
PAINT_LINE 136 675 136 678
PAINT_LINE 136 695 136 698
PAINT_LINE 136 703 136 709
PAINT_LINE 136 768 136 770
PAINT_LINE 136 799 136 157
PAINT_LINE 137 5 137 18
PAINT_LINE 137 44 137 50
PAINT_LINE 137 59 137 63
PAINT_LINE 137 70 137 72
PAINT_LINE 137 115 137 117
PAINT_LINE 137 132 137 137
PAINT_LINE 137 211 137 216
PAINT_LINE 137 252 137 255
PAINT_LINE 137 369 137 376
PAINT_LINE 137 406 137 421
PAINT_LINE 137 450 137 462
PAINT_LINE 137 484 137 490
PAINT_LINE 137 512 137 528
PAINT_LINE 137 598 137 602
PAINT_LINE 137 608 137 611
PAINT_LINE 137 626 137 627
PAINT_LINE 137 675 137 678
PAINT_LINE 137 694 137 697
PAINT_LINE 137 703 137 709
PAINT_LINE 137 767 137 769
PAINT_LINE 137 798 137 157
PAINT_LINE 138 6 138 20
PAINT_LINE 138 44 138 50
PAINT_LINE 138 60 138 63
PAINT_LINE 138 70 138 72
PAINT_LINE 138 113 138 116
PAINT_LINE 138 131 138 136
PAINT_LINE 138 212 138 215
PAINT_LINE 138 252 138 255
PAINT_LINE 138 363 138 374
PAINT_LINE 138 404 138 408
PAINT_LINE 138 458 138 464
PAINT_LINE 138 483 138 486
PAINT_LINE 138 490 138 491
PAINT_LINE 138 512 138 530
PAINT_LINE 138 567 138 569
PAINT_LINE 138 598 138 602
PAINT_LINE 138 607 138 610
PAINT_LINE 138 627 138 633
PAINT_LINE 138 640 138 644
PAINT_LINE 138 656 138 667
PAINT_LINE 138 669 138 671
PAINT_LINE 138 674 138 678
PAINT_LINE 138 695 138 698
PAINT_LINE 138 703 138 709
PAINT_LINE 138 766 138 768
PAINT_LINE 138 797 138 157
PAINT_LINE 139 7 139 21
PAINT_LINE 139 44 139 51
PAINT_LINE 139 61 139 64
PAINT_LINE 139 70 139 73
PAINT_LINE 139 112 139 115
PAINT_LINE 139 129 139 135
PAINT_LINE 139 211 139 216
PAINT_LINE 139 251 139 254
PAINT_LINE 139 362 139 369
PAINT_LINE 139 403 139 408
PAINT_LINE 139 463 139 472
PAINT_LINE 139 482 139 485
PAINT_LINE 139 490 139 492
PAINT_LINE 139 513 139 530
PAINT_LINE 139 569 139 571
PAINT_LINE 139 598 139 602
PAINT_LINE 139 608 139 609
PAINT_LINE 139 628 139 635
PAINT_LINE 139 644 139 647
PAINT_LINE 139 649 139 651
PAINT_LINE 139 654 139 656
PAINT_LINE 139 672 139 676
PAINT_LINE 139 695 139 699
PAINT_LINE 139 704 139 709
PAINT_LINE 139 765 139 767
PAINT_LINE 139 796 139 157
PAINT_LINE 140 8 140 22
PAINT_LINE 140 44 140 51
PAINT_LINE 140 61 140 65
PAINT_LINE 140 70 140 73
PAINT_LINE 140 109 140 116
PAINT_LINE 140 126 140 134
PAINT_LINE 140 199 140 200
PAINT_LINE 140 203 140 203
PAINT_LINE 140 209 140 210
PAINT_LINE 140 213 140 217
PAINT_LINE 140 219 140 233
PAINT_LINE 140 251 140 254
PAINT_LINE 140 362 140 375
PAINT_LINE 140 404 140 418
PAINT_LINE 140 467 140 468
PAINT_LINE 140 470 140 486
PAINT_LINE 140 490 140 493
PAINT_LINE 140 512 140 529
PAINT_LINE 140 571 140 572
PAINT_LINE 140 598 140 602
PAINT_LINE 140 608 140 610
PAINT_LINE 140 671 140 676
PAINT_LINE 140 689 140 689
PAINT_LINE 140 692 140 692
PAINT_LINE 140 695 140 700
PAINT_LINE 140 703 140 709
PAINT_LINE 140 764 140 766
PAINT_LINE 140 795 140 157
PAINT_LINE 141 10 141 25
PAINT_LINE 141 44 141 51
PAINT_LINE 141 62 141 65
PAINT_LINE 141 70 141 72
PAINT_LINE 141 100 141 101
PAINT_LINE 141 108 141 117
PAINT_LINE 141 125 141 135
PAINT_LINE 141 198 141 202
PAINT_LINE 141 213 141 217
PAINT_LINE 141 229 141 234
PAINT_LINE 141 251 141 253
PAINT_LINE 141 363 141 376
PAINT_LINE 141 405 141 420
PAINT_LINE 141 476 141 487
PAINT_LINE 141 491 141 497
PAINT_LINE 141 511 141 529
PAINT_LINE 141 562 141 562
PAINT_LINE 141 572 141 573
PAINT_LINE 141 599 141 603
PAINT_LINE 141 608 141 610
PAINT_LINE 141 671 141 675
PAINT_LINE 141 683 141 709
PAINT_LINE 141 763 141 766
PAINT_LINE 141 795 141 798
PAINT_LINE 142 12 142 27
PAINT_LINE 142 44 142 52
PAINT_LINE 142 63 142 66
PAINT_LINE 142 71 142 72
PAINT_LINE 142 89 142 153
PAINT_LINE 142 187 142 187
PAINT_LINE 142 198 142 204
PAINT_LINE 142 206 142 233
PAINT_LINE 142 250 142 252
PAINT_LINE 142 374 142 377
PAINT_LINE 142 415 142 420
PAINT_LINE 142 483 142 487
PAINT_LINE 142 492 142 528
PAINT_LINE 142 561 142 562
PAINT_LINE 142 573 142 573
PAINT_LINE 142 600 142 603
PAINT_LINE 142 609 142 611
PAINT_LINE 142 643 142 646
PAINT_LINE 142 654 142 660
PAINT_LINE 142 669 142 675
PAINT_LINE 142 680 142 683
PAINT_LINE 142 698 142 710
PAINT_LINE 142 762 142 765
PAINT_LINE 142 794 142 798
PAINT_LINE 143 14 143 28
PAINT_LINE 143 43 143 53
PAINT_LINE 143 64 143 67
PAINT_LINE 143 70 143 72
PAINT_LINE 143 97 143 98
PAINT_LINE 143 101 143 107
PAINT_LINE 143 124 143 130
PAINT_LINE 143 150 143 150
PAINT_LINE 143 186 143 187
PAINT_LINE 143 195 143 204
PAINT_LINE 143 208 143 210
PAINT_LINE 143 213 143 217
PAINT_LINE 143 221 143 233
PAINT_LINE 143 250 143 252
PAINT_LINE 143 364 143 366
PAINT_LINE 143 374 143 376
PAINT_LINE 143 406 143 410
PAINT_LINE 143 414 143 420
PAINT_LINE 143 483 143 487
PAINT_LINE 143 505 143 508
PAINT_LINE 143 523 143 527
PAINT_LINE 143 542 143 544
PAINT_LINE 143 546 143 546
PAINT_LINE 143 561 143 561
PAINT_LINE 143 573 143 574
PAINT_LINE 143 600 143 604
PAINT_LINE 143 613 143 623
PAINT_LINE 143 629 143 634
PAINT_LINE 143 640 143 643
PAINT_LINE 143 645 143 654
PAINT_LINE 143 666 143 674
PAINT_LINE 143 678 143 681
PAINT_LINE 143 704 143 710
PAINT_LINE 143 761 143 157
PAINT_LINE 144 15 144 30
PAINT_LINE 144 41 144 53
PAINT_LINE 144 65 144 68
PAINT_LINE 144 70 144 73
PAINT_LINE 144 95 144 104
PAINT_LINE 144 122 144 129
PAINT_LINE 144 148 144 153
PAINT_LINE 144 197 144 200
PAINT_LINE 144 207 144 210
PAINT_LINE 144 213 144 217
PAINT_LINE 144 219 144 225
PAINT_LINE 144 227 144 230
PAINT_LINE 144 250 144 252
PAINT_LINE 144 363 144 375
PAINT_LINE 144 408 144 417
PAINT_LINE 144 484 144 488
PAINT_LINE 144 506 144 507
PAINT_LINE 144 539 144 539
PAINT_LINE 144 550 144 551
PAINT_LINE 144 573 144 575
PAINT_LINE 144 600 144 605
PAINT_LINE 144 612 144 614
PAINT_LINE 144 628 144 632
PAINT_LINE 144 635 144 636
PAINT_LINE 144 664 144 670
PAINT_LINE 144 676 144 678
PAINT_LINE 144 706 144 712
PAINT_LINE 144 760 144 764
PAINT_LINE 144 771 144 775
PAINT_LINE 144 784 144 157
PAINT_LINE 145 16 145 33
PAINT_LINE 145 40 145 54
PAINT_LINE 145 66 145 73
PAINT_LINE 145 92 145 102
PAINT_LINE 145 120 145 129
PAINT_LINE 145 131 145 132
PAINT_LINE 145 149 145 150
PAINT_LINE 145 157 145 158
PAINT_LINE 145 183 145 185
PAINT_LINE 145 200 145 200
PAINT_LINE 145 205 145 210
PAINT_LINE 145 214 145 217
PAINT_LINE 145 220 145 232
PAINT_LINE 145 249 145 251
PAINT_LINE 145 367 145 372
PAINT_LINE 145 485 145 488
PAINT_LINE 145 505 145 508
PAINT_LINE 145 538 145 539
PAINT_LINE 145 551 145 555
PAINT_LINE 145 559 145 560
PAINT_LINE 145 574 145 575
PAINT_LINE 145 579 145 592
PAINT_LINE 145 601 145 606
PAINT_LINE 145 611 145 613
PAINT_LINE 145 629 145 632
PAINT_LINE 145 648 145 651
PAINT_LINE 145 662 145 667
PAINT_LINE 145 674 145 677
PAINT_LINE 145 708 145 714
PAINT_LINE 145 760 145 762
PAINT_LINE 145 792 145 795
PAINT_LINE 145 798 145 157
PAINT_LINE 146 18 146 34
PAINT_LINE 146 38 146 55
PAINT_LINE 146 67 146 73
PAINT_LINE 146 86 146 103
PAINT_LINE 146 112 146 128
PAINT_LINE 146 130 146 131
PAINT_LINE 146 154 146 156
PAINT_LINE 146 201 146 202
PAINT_LINE 146 206 146 208
PAINT_LINE 146 215 146 217
PAINT_LINE 146 221 146 226
PAINT_LINE 146 230 146 231
PAINT_LINE 146 248 146 251
PAINT_LINE 146 486 146 488
PAINT_LINE 146 505 146 508
PAINT_LINE 146 538 146 539
PAINT_LINE 146 555 146 560
PAINT_LINE 146 573 146 581
PAINT_LINE 146 589 146 593
PAINT_LINE 146 602 146 607
PAINT_LINE 146 610 146 612
PAINT_LINE 146 629 146 632
PAINT_LINE 146 643 146 647
PAINT_LINE 146 649 146 665
PAINT_LINE 146 672 146 676
PAINT_LINE 146 709 146 715
PAINT_LINE 146 759 146 761
PAINT_LINE 146 791 146 157
PAINT_LINE 147 19 147 56
PAINT_LINE 147 68 147 73
PAINT_LINE 147 76 147 91
PAINT_LINE 147 99 147 103
PAINT_LINE 147 111 147 124
PAINT_LINE 147 126 147 130
PAINT_LINE 147 152 147 155
PAINT_LINE 147 158 147 183
PAINT_LINE 147 187 147 187
PAINT_LINE 147 201 147 202
PAINT_LINE 147 206 147 208
PAINT_LINE 147 214 147 217
PAINT_LINE 147 221 147 225
PAINT_LINE 147 228 147 230
PAINT_LINE 147 248 147 250
PAINT_LINE 147 487 147 489
PAINT_LINE 147 504 147 507
PAINT_LINE 147 539 147 541
PAINT_LINE 147 558 147 560
PAINT_LINE 147 569 147 576
PAINT_LINE 147 591 147 593
PAINT_LINE 147 602 147 607
PAINT_LINE 147 610 147 613
PAINT_LINE 147 628 147 634
PAINT_LINE 147 637 147 641
PAINT_LINE 147 650 147 658
PAINT_LINE 147 672 147 676
PAINT_LINE 147 711 147 718
PAINT_LINE 147 758 147 761
PAINT_LINE 147 790 147 157
PAINT_LINE 148 21 148 57
PAINT_LINE 148 70 148 84
PAINT_LINE 148 109 148 122
PAINT_LINE 148 127 148 129
PAINT_LINE 148 151 148 154
PAINT_LINE 148 157 148 160
PAINT_LINE 148 171 148 172
PAINT_LINE 148 175 148 176
PAINT_LINE 148 179 148 183
PAINT_LINE 148 203 148 203
PAINT_LINE 148 206 148 208
PAINT_LINE 148 212 148 216
PAINT_LINE 148 222 148 224
PAINT_LINE 148 227 148 230
PAINT_LINE 148 247 148 249
PAINT_LINE 148 382 148 384
PAINT_LINE 148 408 148 411
PAINT_LINE 148 488 148 490
PAINT_LINE 148 504 148 508
PAINT_LINE 148 539 148 543
PAINT_LINE 148 558 148 559
PAINT_LINE 148 562 148 564
PAINT_LINE 148 566 148 567
PAINT_LINE 148 575 148 575
PAINT_LINE 148 591 148 593
PAINT_LINE 148 603 148 608
PAINT_LINE 148 611 148 613
PAINT_LINE 148 625 148 631
PAINT_LINE 148 639 148 640
PAINT_LINE 148 648 148 649
PAINT_LINE 148 652 148 658
PAINT_LINE 148 672 148 676
PAINT_LINE 148 713 148 720
PAINT_LINE 148 757 148 760
PAINT_LINE 148 790 148 798
PAINT_LINE 149 24 149 58
PAINT_LINE 149 70 149 79
PAINT_LINE 149 103 149 124
PAINT_LINE 149 126 149 129
PAINT_LINE 149 150 149 163
PAINT_LINE 149 165 149 166
PAINT_LINE 149 169 149 169
PAINT_LINE 149 171 149 172
PAINT_LINE 149 175 149 182
PAINT_LINE 149 204 149 204
PAINT_LINE 149 206 149 208
PAINT_LINE 149 211 149 217
PAINT_LINE 149 221 149 223
PAINT_LINE 149 226 149 230
PAINT_LINE 149 245 149 250
PAINT_LINE 149 376 149 376
PAINT_LINE 149 380 149 385
PAINT_LINE 149 407 149 412
PAINT_LINE 149 488 149 490
PAINT_LINE 149 505 149 508
PAINT_LINE 149 539 149 544
PAINT_LINE 149 558 149 559
PAINT_LINE 149 564 149 570
PAINT_LINE 149 575 149 576
PAINT_LINE 149 591 149 593
PAINT_LINE 149 604 149 609
PAINT_LINE 149 612 149 616
PAINT_LINE 149 623 149 628
PAINT_LINE 149 636 149 641
PAINT_LINE 149 647 149 648
PAINT_LINE 149 653 149 654
PAINT_LINE 149 656 149 659
PAINT_LINE 149 671 149 675
PAINT_LINE 149 715 149 720
PAINT_LINE 149 756 149 760
PAINT_LINE 149 790 149 797
PAINT_LINE 150 26 150 58
PAINT_LINE 150 70 150 73
PAINT_LINE 150 102 150 115
PAINT_LINE 150 153 150 158
PAINT_LINE 150 182 150 183
PAINT_LINE 150 204 150 204
PAINT_LINE 150 207 150 217
PAINT_LINE 150 221 150 223
PAINT_LINE 150 226 150 228
PAINT_LINE 150 245 150 250
PAINT_LINE 150 374 150 384
PAINT_LINE 150 391 150 399
PAINT_LINE 150 407 150 412
PAINT_LINE 150 489 150 489
PAINT_LINE 150 505 150 508
PAINT_LINE 150 539 150 544
PAINT_LINE 150 558 150 559
PAINT_LINE 150 564 150 571
PAINT_LINE 150 575 150 576
PAINT_LINE 150 590 150 593
PAINT_LINE 150 605 150 609
PAINT_LINE 150 615 150 625
PAINT_LINE 150 633 150 639
PAINT_LINE 150 646 150 650
PAINT_LINE 150 653 150 659
PAINT_LINE 150 669 150 674
PAINT_LINE 150 717 150 721
PAINT_LINE 150 755 150 759
PAINT_LINE 150 789 150 796
PAINT_LINE 151 29 151 60
PAINT_LINE 151 70 151 73
PAINT_LINE 151 88 151 153
PAINT_LINE 151 177 151 183
PAINT_LINE 151 204 151 218
PAINT_LINE 151 220 151 224
PAINT_LINE 151 226 151 227
PAINT_LINE 151 245 151 250
PAINT_LINE 151 374 151 383
PAINT_LINE 151 390 151 401
PAINT_LINE 151 407 151 412
PAINT_LINE 151 489 151 490
PAINT_LINE 151 505 151 508
PAINT_LINE 151 541 151 545
PAINT_LINE 151 557 151 560
PAINT_LINE 151 564 151 572
PAINT_LINE 151 576 151 576
PAINT_LINE 151 590 151 592
PAINT_LINE 151 606 151 611
PAINT_LINE 151 620 151 624
PAINT_LINE 151 631 151 634
PAINT_LINE 151 644 151 648
PAINT_LINE 151 654 151 659
PAINT_LINE 151 667 151 670
PAINT_LINE 151 718 151 723
PAINT_LINE 151 755 151 759
PAINT_LINE 151 789 151 796
PAINT_LINE 152 33 152 63
PAINT_LINE 152 70 152 73
PAINT_LINE 152 89 152 106
PAINT_LINE 152 155 152 155
PAINT_LINE 152 181 152 183
PAINT_LINE 152 204 152 207
PAINT_LINE 152 211 152 217
PAINT_LINE 152 220 152 227
PAINT_LINE 152 245 152 250
PAINT_LINE 152 376 152 383
PAINT_LINE 152 392 152 397
PAINT_LINE 152 407 152 412
PAINT_LINE 152 489 152 490
PAINT_LINE 152 505 152 508
PAINT_LINE 152 544 152 546
PAINT_LINE 152 557 152 558
PAINT_LINE 152 563 152 572
PAINT_LINE 152 576 152 576
PAINT_LINE 152 587 152 590
PAINT_LINE 152 608 152 612
PAINT_LINE 152 620 152 624
PAINT_LINE 152 632 152 634
PAINT_LINE 152 641 152 647
PAINT_LINE 152 653 152 653
PAINT_LINE 152 657 152 659
PAINT_LINE 152 666 152 668
PAINT_LINE 152 718 152 723
PAINT_LINE 152 754 152 758
PAINT_LINE 152 788 152 157
PAINT_LINE 153 35 153 65
PAINT_LINE 153 70 153 73
PAINT_LINE 153 83 153 106
PAINT_LINE 153 116 153 118
PAINT_LINE 153 120 153 122
PAINT_LINE 153 125 153 129
PAINT_LINE 153 154 153 156
PAINT_LINE 153 181 153 183
PAINT_LINE 153 205 153 206
PAINT_LINE 153 212 153 219
PAINT_LINE 153 221 153 229
PAINT_LINE 153 245 153 250
PAINT_LINE 153 375 153 385
PAINT_LINE 153 391 153 400
PAINT_LINE 153 407 153 412
PAINT_LINE 153 489 153 490
PAINT_LINE 153 505 153 508
PAINT_LINE 153 545 153 549
PAINT_LINE 153 552 153 555
PAINT_LINE 153 557 153 557
PAINT_LINE 153 562 153 572
PAINT_LINE 153 576 153 577
PAINT_LINE 153 585 153 588
PAINT_LINE 153 609 153 614
PAINT_LINE 153 620 153 624
PAINT_LINE 153 630 153 630
PAINT_LINE 153 645 153 648
PAINT_LINE 153 652 153 654
PAINT_LINE 153 657 153 659
PAINT_LINE 153 665 153 666
PAINT_LINE 153 719 153 723
PAINT_LINE 153 754 153 758
PAINT_LINE 153 788 153 792
PAINT_LINE 153 797 153 157
PAINT_LINE 154 41 154 56
PAINT_LINE 154 61 154 98
PAINT_LINE 154 103 154 105
PAINT_LINE 154 127 154 128
PAINT_LINE 154 154 154 156
PAINT_LINE 154 181 154 183
PAINT_LINE 154 204 154 204
PAINT_LINE 154 206 154 206
PAINT_LINE 154 210 154 218
PAINT_LINE 154 221 154 228
PAINT_LINE 154 245 154 250
PAINT_LINE 154 374 154 379
PAINT_LINE 154 381 154 385
PAINT_LINE 154 408 154 411
PAINT_LINE 154 489 154 490
PAINT_LINE 154 505 154 507
PAINT_LINE 154 547 154 553
PAINT_LINE 154 562 154 572
PAINT_LINE 154 576 154 584
PAINT_LINE 154 610 154 617
PAINT_LINE 154 620 154 624
PAINT_LINE 154 627 154 627
PAINT_LINE 154 630 154 630
PAINT_LINE 154 632 154 636
PAINT_LINE 154 642 154 646
PAINT_LINE 154 651 154 653
PAINT_LINE 154 657 154 659
PAINT_LINE 154 663 154 665
PAINT_LINE 154 718 154 722
PAINT_LINE 154 754 154 758
PAINT_LINE 154 787 154 792
PAINT_LINE 154 799 154 157
PAINT_LINE 155 46 155 60
PAINT_LINE 155 73 155 90
PAINT_LINE 155 103 155 105
PAINT_LINE 155 127 155 128
PAINT_LINE 155 154 155 156
PAINT_LINE 155 181 155 183
PAINT_LINE 155 210 155 228
PAINT_LINE 155 244 155 250
PAINT_LINE 155 408 155 409
PAINT_LINE 155 489 155 490
PAINT_LINE 155 506 155 508
PAINT_LINE 155 547 155 548
PAINT_LINE 155 551 155 554
PAINT_LINE 155 557 155 557
PAINT_LINE 155 568 155 572
PAINT_LINE 155 575 155 583
PAINT_LINE 155 613 155 619
PAINT_LINE 155 622 155 627
PAINT_LINE 155 629 155 631
PAINT_LINE 155 635 155 640
PAINT_LINE 155 650 155 652
PAINT_LINE 155 655 155 659
PAINT_LINE 155 663 155 664
PAINT_LINE 155 712 155 720
PAINT_LINE 155 753 155 756
PAINT_LINE 155 787 155 790
PAINT_LINE 155 799 155 157
PAINT_LINE 156 54 156 81
PAINT_LINE 156 103 156 105
PAINT_LINE 156 127 156 129
PAINT_LINE 156 154 156 156
PAINT_LINE 156 181 156 183
PAINT_LINE 156 204 156 204
PAINT_LINE 156 207 156 207
PAINT_LINE 156 210 156 216
PAINT_LINE 156 227 156 230
PAINT_LINE 156 244 156 250
PAINT_LINE 156 489 156 490
PAINT_LINE 156 505 156 508
PAINT_LINE 156 552 156 557
PAINT_LINE 156 575 156 579
PAINT_LINE 156 581 156 583
PAINT_LINE 156 616 156 619
PAINT_LINE 156 623 156 627
PAINT_LINE 156 632 156 632
PAINT_LINE 156 648 156 651
PAINT_LINE 156 654 156 658
PAINT_LINE 156 662 156 663
PAINT_LINE 156 711 156 714
PAINT_LINE 156 754 156 756
PAINT_LINE 156 787 156 790
PAINT_LINE 156 798 156 157
PAINT_LINE 157 104 157 105
PAINT_LINE 157 127 157 129
PAINT_LINE 157 154 157 156
PAINT_LINE 157 181 157 183
PAINT_LINE 157 210 157 216
PAINT_LINE 157 228 157 231
PAINT_LINE 157 244 157 250
PAINT_LINE 157 490 157 491
PAINT_LINE 157 506 157 508
PAINT_LINE 157 542 157 542
PAINT_LINE 157 556 157 558
PAINT_LINE 157 574 157 577
PAINT_LINE 157 583 157 588
PAINT_LINE 157 618 157 630
PAINT_LINE 157 638 157 649
PAINT_LINE 157 654 157 657
PAINT_LINE 157 661 157 663
PAINT_LINE 157 710 157 712
PAINT_LINE 157 753 157 757
PAINT_LINE 157 784 157 157
