67
PAINT_LINE 1 8 1 12
PAINT_LINE 2 4 2 15
PAINT_LINE 2 64 2 66
PAINT_LINE 3 2 3 5
PAINT_LINE 3 14 3 15
PAINT_LINE 3 64 3 66
PAINT_LINE 4 1 4 3
PAINT_LINE 4 64 4 66
PAINT_LINE 5 0 5 3
PAINT_LINE 5 24 5 30
PAINT_LINE 5 38 5 44
PAINT_LINE 5 52 5 61
PAINT_LINE 5 64 5 66
PAINT_LINE 5 71 5 76
PAINT_LINE 6 0 6 2
PAINT_LINE 6 10 6 19
PAINT_LINE 6 22 6 25
PAINT_LINE 6 29 6 32
PAINT_LINE 6 36 6 39
PAINT_LINE 6 43 6 46
PAINT_LINE 6 51 6 54
PAINT_LINE 6 57 6 61
PAINT_LINE 6 64 6 66
PAINT_LINE 6 69 6 72
PAINT_LINE 6 75 6 78
PAINT_LINE 7 0 7 2
PAINT_LINE 7 16 7 19
PAINT_LINE 7 21 7 23
PAINT_LINE 7 30 7 33
PAINT_LINE 7 35 7 38
PAINT_LINE 7 45 7 47
PAINT_LINE 7 50 7 52
PAINT_LINE 7 59 7 61
PAINT_LINE 7 64 7 66
PAINT_LINE 7 68 7 70
PAINT_LINE 7 74 7 79
PAINT_LINE 8 1 8 3
PAINT_LINE 8 16 8 18
PAINT_LINE 8 21 8 23
PAINT_LINE 8 31 8 33
PAINT_LINE 8 35 8 37
PAINT_LINE 8 45 8 47
PAINT_LINE 8 50 8 51
PAINT_LINE 8 59 8 61
PAINT_LINE 8 64 8 66
PAINT_LINE 8 68 8 74
PAINT_LINE 9 2 9 5
PAINT_LINE 9 14 9 17
PAINT_LINE 9 21 9 24
PAINT_LINE 9 30 9 32
PAINT_LINE 9 36 9 38
PAINT_LINE 9 44 9 47
PAINT_LINE 9 50 9 52
PAINT_LINE 9 59 9 61
PAINT_LINE 9 64 9 66
PAINT_LINE 9 68 9 71
PAINT_LINE 9 77 9 77
PAINT_LINE 10 4 10 16
PAINT_LINE 10 22 10 31
PAINT_LINE 10 37 10 46
PAINT_LINE 10 51 10 61
PAINT_LINE 10 64 10 66
PAINT_LINE 10 70 10 78
PAINT_LINE 11 59 11 61
PAINT_LINE 12 50 12 52
PAINT_LINE 12 58 12 61
PAINT_LINE 13 51 13 59
