124
PAINT_LINE 6 13 6 16
PAINT_LINE 6 156 6 166
PAINT_LINE 6 187 6 194
PAINT_LINE 7 13 7 16
PAINT_LINE 7 156 7 166
PAINT_LINE 7 187 7 194
PAINT_LINE 8 13 8 16
PAINT_LINE 8 76 8 82
PAINT_LINE 8 156 8 166
PAINT_LINE 8 183 8 194
PAINT_LINE 9 13 9 16
PAINT_LINE 9 75 9 83
PAINT_LINE 9 156 9 166
PAINT_LINE 9 183 9 186
PAINT_LINE 10 5 10 8
PAINT_LINE 10 16 10 57
PAINT_LINE 10 117 10 149
PAINT_LINE 10 156 10 166
PAINT_LINE 11 5 11 8
PAINT_LINE 11 17 11 58
PAINT_LINE 11 117 11 149
PAINT_LINE 11 156 11 166
PAINT_LINE 12 5 12 58
PAINT_LINE 12 92 12 94
PAINT_LINE 12 117 12 149
PAINT_LINE 12 156 12 166
PAINT_LINE 13 9 13 16
PAINT_LINE 13 21 13 58
PAINT_LINE 13 91 13 95
PAINT_LINE 13 117 13 149
PAINT_LINE 13 156 13 166
PAINT_LINE 14 5 14 8
PAINT_LINE 14 11 14 12
PAINT_LINE 14 21 14 57
PAINT_LINE 14 64 14 87
PAINT_LINE 14 93 14 94
PAINT_LINE 14 117 14 149
PAINT_LINE 14 156 14 166
PAINT_LINE 14 174 14 190
PAINT_LINE 15 5 15 8
PAINT_LINE 15 21 15 43
PAINT_LINE 15 64 15 87
PAINT_LINE 15 96 15 149
PAINT_LINE 15 156 15 166
PAINT_LINE 15 173 15 190
PAINT_LINE 16 21 16 43
PAINT_LINE 16 64 16 87
PAINT_LINE 16 96 16 149
PAINT_LINE 16 156 16 166
PAINT_LINE 16 173 16 190
PAINT_LINE 17 21 17 43
PAINT_LINE 17 64 17 87
PAINT_LINE 17 96 17 149
PAINT_LINE 17 156 17 166
PAINT_LINE 17 173 17 190
PAINT_LINE 18 21 18 43
PAINT_LINE 18 52 18 87
PAINT_LINE 18 96 18 149
PAINT_LINE 18 156 18 166
PAINT_LINE 18 173 18 190
PAINT_LINE 19 21 19 43
PAINT_LINE 19 51 19 87
PAINT_LINE 19 96 19 149
PAINT_LINE 19 156 19 166
PAINT_LINE 19 173 19 190
PAINT_LINE 20 21 20 43
PAINT_LINE 20 51 20 87
PAINT_LINE 20 96 20 149
PAINT_LINE 20 156 20 166
PAINT_LINE 21 21 21 43
PAINT_LINE 21 52 21 87
PAINT_LINE 21 96 21 149
PAINT_LINE 21 156 21 166
PAINT_LINE 22 21 22 43
PAINT_LINE 22 64 22 87
PAINT_LINE 22 96 22 149
PAINT_LINE 22 156 22 166
PAINT_LINE 23 11 23 43
PAINT_LINE 23 64 23 87
PAINT_LINE 23 96 23 116
PAINT_LINE 23 140 23 149
PAINT_LINE 23 156 23 166
PAINT_LINE 24 10 24 43
PAINT_LINE 24 64 24 87
PAINT_LINE 24 96 24 116
PAINT_LINE 24 140 24 149
PAINT_LINE 24 156 24 166
PAINT_LINE 25 10 25 43
PAINT_LINE 25 63 25 87
PAINT_LINE 25 96 25 115
PAINT_LINE 25 140 25 149
PAINT_LINE 25 156 25 166
PAINT_LINE 26 4 26 63
PAINT_LINE 26 109 26 112
PAINT_LINE 26 123 26 149
PAINT_LINE 26 173 26 191
PAINT_LINE 27 4 27 63
PAINT_LINE 27 109 27 112
PAINT_LINE 27 123 27 149
PAINT_LINE 27 173 27 191
PAINT_LINE 28 20 28 63
PAINT_LINE 28 105 28 112
PAINT_LINE 28 123 28 149
PAINT_LINE 28 173 28 191
PAINT_LINE 29 21 29 63
PAINT_LINE 29 105 29 112
PAINT_LINE 29 123 29 149
PAINT_LINE 29 173 29 191
PAINT_LINE 30 21 30 63
PAINT_LINE 30 113 30 116
PAINT_LINE 30 123 30 149
PAINT_LINE 30 169 30 190
PAINT_LINE 31 21 31 63
PAINT_LINE 31 113 31 116
PAINT_LINE 31 169 31 172
PAINT_LINE 32 21 32 63
PAINT_LINE 32 113 32 116
PAINT_LINE 32 169 32 172
PAINT_LINE 33 113 33 116
PAINT_LINE 33 169 33 172
PAINT_LINE 34 169 34 173
PAINT_LINE 35 169 35 173
PAINT_LINE 36 169 36 172
PAINT_LINE 37 169 37 172
